{"/home/travis/build/npmtest/node-npmtest-flyd/test.js":{"path":"/home/travis/build/npmtest/node-npmtest-flyd/test.js","s":{"1":2,"2":2,"3":2,"4":2,"5":2,"6":2,"7":2,"8":1,"9":2,"10":2,"11":1,"12":1,"13":1,"14":1,"15":2,"16":2,"17":2,"18":2,"19":1,"20":1,"21":2,"22":2,"23":2,"24":1,"25":1,"26":1,"27":1,"28":1,"29":1,"30":1,"31":1,"32":1,"33":1,"34":1,"35":1,"36":1,"37":1,"38":1,"39":2,"40":2,"41":1,"42":2,"43":2,"44":1,"45":2,"46":2,"47":1,"48":2,"49":2,"50":1,"51":1,"52":1,"53":1,"54":1},"b":{"1":[2,1,1,1],"2":[1,1,1,1],"3":[1,1],"4":[1,1],"5":[1,1],"6":[1,1],"7":[1,1],"8":[1,1],"9":[1,1],"10":[1,1,1],"11":[1,1],"12":[1,1],"13":[1,1],"14":[1,1],"15":[1,1],"16":[1,1],"17":[1,1]},"f":{"1":2,"2":2,"3":2,"4":2,"5":2,"6":1,"7":1,"8":1,"9":2,"10":2,"11":2,"12":2,"13":1},"fnMap":{"1":{"name":"(anonymous_1)","line":12,"loc":{"start":{"line":12,"column":1},"end":{"line":12,"column":13}}},"2":{"name":"(anonymous_2)","line":19,"loc":{"start":{"line":19,"column":5},"end":{"line":19,"column":17}}},"3":{"name":"(anonymous_3)","line":23,"loc":{"start":{"line":23,"column":24},"end":{"line":23,"column":36}}},"4":{"name":"(anonymous_4)","line":61,"loc":{"start":{"line":61,"column":5},"end":{"line":61,"column":17}}},"5":{"name":"(anonymous_5)","line":82,"loc":{"start":{"line":82,"column":5},"end":{"line":82,"column":17}}},"6":{"name":"(anonymous_6)","line":91,"loc":{"start":{"line":91,"column":77},"end":{"line":94,"column":10}}},"7":{"name":"(anonymous_7)","line":112,"loc":{"start":{"line":112,"column":83},"end":{"line":115,"column":10}},"skip":true},"8":{"name":"(anonymous_8)","line":123,"loc":{"start":{"line":123,"column":77},"end":{"line":126,"column":10}},"skip":true},"9":{"name":"(anonymous_9)","line":139,"loc":{"start":{"line":139,"column":12},"end":{"line":139,"column":40}},"skip":true},"10":{"name":"(anonymous_10)","line":147,"loc":{"start":{"line":147,"column":77},"end":{"line":150,"column":10}},"skip":true},"11":{"name":"(anonymous_11)","line":158,"loc":{"start":{"line":158,"column":83},"end":{"line":161,"column":10}},"skip":true},"12":{"name":"(anonymous_12)","line":169,"loc":{"start":{"line":169,"column":79},"end":{"line":172,"column":10}},"skip":true},"13":{"name":"(anonymous_13)","line":180,"loc":{"start":{"line":180,"column":75},"end":{"line":183,"column":10}},"skip":true}},"statementMap":{"1":{"start":{"line":12,"column":0},"end":{"line":195,"column":5}},"2":{"start":{"line":14,"column":4},"end":{"line":14,"column":14}},"3":{"start":{"line":19,"column":4},"end":{"line":56,"column":9}},"4":{"start":{"line":21,"column":8},"end":{"line":21,"column":19}},"5":{"start":{"line":23,"column":8},"end":{"line":35,"column":13}},"6":{"start":{"line":24,"column":12},"end":{"line":34,"column":13}},"7":{"start":{"line":25,"column":16},"end":{"line":28,"column":30}},"8":{"start":{"line":30,"column":16},"end":{"line":33,"column":27}},"9":{"start":{"line":37,"column":8},"end":{"line":39,"column":21}},"10":{"start":{"line":40,"column":8},"end":{"line":53,"column":9}},"11":{"start":{"line":43,"column":12},"end":{"line":46,"column":14}},"12":{"start":{"line":47,"column":12},"end":{"line":47,"column":18}},"13":{"start":{"line":50,"column":12},"end":{"line":51,"column":33}},"14":{"start":{"line":52,"column":12},"end":{"line":52,"column":18}},"15":{"start":{"line":55,"column":8},"end":{"line":55,"column":35}},"16":{"start":{"line":61,"column":4},"end":{"line":63,"column":9}},"17":{"start":{"line":62,"column":8},"end":{"line":62,"column":15}},"18":{"start":{"line":64,"column":4},"end":{"line":77,"column":5}},"19":{"start":{"line":70,"column":8},"end":{"line":70,"column":14}},"20":{"start":{"line":76,"column":8},"end":{"line":76,"column":14}},"21":{"start":{"line":82,"column":4},"end":{"line":84,"column":9}},"22":{"start":{"line":83,"column":8},"end":{"line":83,"column":15}},"23":{"start":{"line":85,"column":4},"end":{"line":194,"column":5}},"24":{"start":{"line":91,"column":8},"end":{"line":99,"column":10}},"25":{"start":{"line":98,"column":12},"end":{"line":98,"column":35}},"26":{"start":{"line":102,"column":8},"end":{"line":104,"column":63}},"27":{"start":{"line":105,"column":8},"end":{"line":105,"column":14}},"28":{"start":{"line":112,"column":8},"end":{"line":121,"column":10},"skip":true},"29":{"start":{"line":119,"column":12},"end":{"line":119,"column":55},"skip":true},"30":{"start":{"line":120,"column":12},"end":{"line":120,"column":48},"skip":true},"31":{"start":{"line":123,"column":8},"end":{"line":136,"column":10},"skip":true},"32":{"start":{"line":130,"column":12},"end":{"line":130,"column":76},"skip":true},"33":{"start":{"line":131,"column":12},"end":{"line":131,"column":73},"skip":true},"34":{"start":{"line":132,"column":12},"end":{"line":132,"column":74},"skip":true},"35":{"start":{"line":133,"column":12},"end":{"line":133,"column":79},"skip":true},"36":{"start":{"line":134,"column":12},"end":{"line":134,"column":25},"skip":true},"37":{"start":{"line":135,"column":12},"end":{"line":135,"column":45},"skip":true},"38":{"start":{"line":138,"column":8},"end":{"line":145,"column":14},"skip":true},"39":{"start":{"line":143,"column":16},"end":{"line":143,"column":29},"skip":true},"40":{"start":{"line":144,"column":16},"end":{"line":144,"column":55},"skip":true},"41":{"start":{"line":147,"column":8},"end":{"line":156,"column":10},"skip":true},"42":{"start":{"line":154,"column":12},"end":{"line":154,"column":25},"skip":true},"43":{"start":{"line":155,"column":12},"end":{"line":155,"column":45},"skip":true},"44":{"start":{"line":158,"column":8},"end":{"line":167,"column":10},"skip":true},"45":{"start":{"line":165,"column":12},"end":{"line":165,"column":25},"skip":true},"46":{"start":{"line":166,"column":12},"end":{"line":166,"column":48},"skip":true},"47":{"start":{"line":169,"column":8},"end":{"line":178,"column":10},"skip":true},"48":{"start":{"line":176,"column":12},"end":{"line":176,"column":25},"skip":true},"49":{"start":{"line":177,"column":12},"end":{"line":177,"column":46},"skip":true},"50":{"start":{"line":180,"column":8},"end":{"line":189,"column":10},"skip":true},"51":{"start":{"line":187,"column":12},"end":{"line":187,"column":94},"skip":true},"52":{"start":{"line":188,"column":12},"end":{"line":188,"column":48},"skip":true},"53":{"start":{"line":192,"column":8},"end":{"line":192,"column":35},"skip":true},"54":{"start":{"line":193,"column":8},"end":{"line":193,"column":14},"skip":true}},"branchMap":{"1":{"line":25,"type":"binary-expr","locations":[{"start":{"line":25,"column":23},"end":{"line":25,"column":62}},{"start":{"line":26,"column":20},"end":{"line":26,"column":70}},{"start":{"line":27,"column":20},"end":{"line":27,"column":71}},{"start":{"line":28,"column":20},"end":{"line":28,"column":29}}]},"2":{"line":30,"type":"binary-expr","locations":[{"start":{"line":30,"column":23},"end":{"line":30,"column":37}},{"start":{"line":31,"column":20},"end":{"line":31,"column":61}},{"start":{"line":32,"column":20},"end":{"line":32,"column":70}},{"start":{"line":33,"column":20},"end":{"line":33,"column":26}}]},"3":{"line":37,"type":"cond-expr","locations":[{"start":{"line":38,"column":14},"end":{"line":38,"column":20}},{"start":{"line":39,"column":14},"end":{"line":39,"column":20}}]},"4":{"line":40,"type":"switch","locations":[{"start":{"line":42,"column":8},"end":{"line":47,"column":18}},{"start":{"line":49,"column":8},"end":{"line":52,"column":18}}]},"5":{"line":44,"type":"binary-expr","locations":[{"start":{"line":44,"column":16},"end":{"line":44,"column":44}},{"start":{"line":44,"column":48},"end":{"line":44,"column":66}}]},"6":{"line":50,"type":"binary-expr","locations":[{"start":{"line":50,"column":21},"end":{"line":50,"column":49}},{"start":{"line":50,"column":53},"end":{"line":50,"column":72}}]},"7":{"line":64,"type":"switch","locations":[{"start":{"line":69,"column":4},"end":{"line":70,"column":14}},{"start":{"line":75,"column":4},"end":{"line":76,"column":14}}]},"8":{"line":85,"type":"switch","locations":[{"start":{"line":90,"column":4},"end":{"line":105,"column":14}},{"start":{"line":111,"column":4},"end":{"line":193,"column":14},"skip":true}]},"9":{"line":91,"type":"binary-expr","locations":[{"start":{"line":91,"column":42},"end":{"line":91,"column":73}},{"start":{"line":91,"column":77},"end":{"line":99,"column":9}}]},"10":{"line":102,"type":"binary-expr","locations":[{"start":{"line":102,"column":18},"end":{"line":102,"column":32}},{"start":{"line":103,"column":12},"end":{"line":103,"column":53}},{"start":{"line":104,"column":12},"end":{"line":104,"column":61}}]},"11":{"line":112,"type":"binary-expr","locations":[{"start":{"line":112,"column":45},"end":{"line":112,"column":79},"skip":true},{"start":{"line":112,"column":83},"end":{"line":121,"column":9},"skip":true}]},"12":{"line":123,"type":"binary-expr","locations":[{"start":{"line":123,"column":42},"end":{"line":123,"column":73},"skip":true},{"start":{"line":123,"column":77},"end":{"line":136,"column":9},"skip":true}]},"13":{"line":138,"type":"binary-expr","locations":[{"start":{"line":138,"column":48},"end":{"line":138,"column":85},"skip":true},{"start":{"line":139,"column":12},"end":{"line":145,"column":13},"skip":true}]},"14":{"line":147,"type":"binary-expr","locations":[{"start":{"line":147,"column":42},"end":{"line":147,"column":73},"skip":true},{"start":{"line":147,"column":77},"end":{"line":156,"column":9},"skip":true}]},"15":{"line":158,"type":"binary-expr","locations":[{"start":{"line":158,"column":45},"end":{"line":158,"column":79},"skip":true},{"start":{"line":158,"column":83},"end":{"line":167,"column":9},"skip":true}]},"16":{"line":169,"type":"binary-expr","locations":[{"start":{"line":169,"column":43},"end":{"line":169,"column":75},"skip":true},{"start":{"line":169,"column":79},"end":{"line":178,"column":9},"skip":true}]},"17":{"line":180,"type":"binary-expr","locations":[{"start":{"line":180,"column":41},"end":{"line":180,"column":71},"skip":true},{"start":{"line":180,"column":75},"end":{"line":189,"column":9},"skip":true}]}},"code":["/* istanbul instrument in package npmtest_flyd */","/*jslint","    bitwise: true,","    browser: true,","    maxerr: 8,","    maxlen: 96,","    node: true,","    nomen: true,","    regexp: true,","    stupid: true","*/","(function () {","    'use strict';","    var local;","","","","    // run shared js-env code - pre-init","    (function () {","        // init local","        local = {};","        // init modeJs","        local.modeJs = (function () {","            try {","                return typeof navigator.userAgent === 'string' &&","                    typeof document.querySelector('body') === 'object' &&","                    typeof XMLHttpRequest.prototype.open === 'function' &&","                    'browser';","            } catch (errorCaughtBrowser) {","                return module.exports &&","                    typeof process.versions.node === 'string' &&","                    typeof require('http').createServer === 'function' &&","                    'node';","            }","        }());","        // init global","        local.global = local.modeJs === 'browser'","            ? window","            : global;","        switch (local.modeJs) {","        // re-init local from window.local","        case 'browser':","            local = local.global.utility2.objectSetDefault(","                local.global.utility2_rollup || local.global.local,","                local.global.utility2","            );","            break;","        // re-init local from example.js","        case 'node':","            local = (local.global.utility2_rollup || require('utility2'))","                .requireReadme();","            break;","        }","        // export local","        local.global.local = local;","    }());","","","","    // run shared js-env code - function","    (function () {","        return;","    }());","    switch (local.modeJs) {","","","","    // run browser js-env code - function","    case 'browser':","        break;","","","","    // run node js-env code - function","    case 'node':","        break;","    }","","","","    // run shared js-env code - post-init","    (function () {","        return;","    }());","    switch (local.modeJs) {","","","","    // run browser js-env code - post-init","    case 'browser':","        local.testCase_browser_nullCase = local.testCase_browser_nullCase || function (","            options,","            onError","        ) {","        /*","         * this function will test browsers's null-case handling-behavior-behavior","         */","            onError(null, options);","        };","","        // run tests","        local.nop(local.modeTest &&","            document.querySelector('#testRunButton1') &&","            document.querySelector('#testRunButton1').click());","        break;","","","","    // run node js-env code - post-init","    /* istanbul ignore next */","    case 'node':","        local.testCase_buildApidoc_default = local.testCase_buildApidoc_default || function (","            options,","            onError","        ) {","        /*","         * this function will test buildApidoc's default handling-behavior-behavior","         */","            options = { modulePathList: module.paths };","            local.buildApidoc(options, onError);","        };","","        local.testCase_buildApp_default = local.testCase_buildApp_default || function (","            options,","            onError","        ) {","        /*","         * this function will test buildApp's default handling-behavior-behavior","         */","            local.testCase_buildReadme_default(options, local.onErrorThrow);","            local.testCase_buildLib_default(options, local.onErrorThrow);","            local.testCase_buildTest_default(options, local.onErrorThrow);","            local.testCase_buildCustomOrg_default(options, local.onErrorThrow);","            options = [];","            local.buildApp(options, onError);","        };","","        local.testCase_buildCustomOrg_default = local.testCase_buildCustomOrg_default ||","            function (options, onError) {","            /*","             * this function will test buildCustomOrg's default handling-behavior","             */","                options = {};","                local.buildCustomOrg(options, onError);","            };","","        local.testCase_buildLib_default = local.testCase_buildLib_default || function (","            options,","            onError","        ) {","        /*","         * this function will test buildLib's default handling-behavior","         */","            options = {};","            local.buildLib(options, onError);","        };","","        local.testCase_buildReadme_default = local.testCase_buildReadme_default || function (","            options,","            onError","        ) {","        /*","         * this function will test buildReadme's default handling-behavior-behavior","         */","            options = {};","            local.buildReadme(options, onError);","        };","","        local.testCase_buildTest_default = local.testCase_buildTest_default || function (","            options,","            onError","        ) {","        /*","         * this function will test buildTest's default handling-behavior","         */","            options = {};","            local.buildTest(options, onError);","        };","","        local.testCase_webpage_default = local.testCase_webpage_default || function (","            options,","            onError","        ) {","        /*","         * this function will test webpage's default handling-behavior","         */","            options = { modeCoverageMerge: true, url: local.serverLocalHost + '?modeTest=1' };","            local.browserTest(options, onError);","        };","","        // run test-server","        local.testRunServer(local);","        break;","    }","}());",""],"l":{"12":2,"14":2,"19":2,"21":2,"23":2,"24":2,"25":2,"30":1,"37":2,"40":2,"43":1,"47":1,"50":1,"52":1,"55":2,"61":2,"62":2,"64":2,"70":1,"76":1,"82":2,"83":2,"85":2,"91":1,"98":1,"102":1,"105":1,"112":1,"119":1,"120":1,"123":1,"130":1,"131":1,"132":1,"133":1,"134":1,"135":1,"138":1,"143":2,"144":2,"147":1,"154":2,"155":2,"158":1,"165":2,"166":2,"169":1,"176":2,"177":2,"180":1,"187":1,"188":1,"192":1,"193":1}},"/home/travis/build/npmtest/node-npmtest-flyd/lib.npmtest_flyd.js":{"path":"/home/travis/build/npmtest/node-npmtest-flyd/lib.npmtest_flyd.js","s":{"1":2,"2":2,"3":2,"4":2,"5":2,"6":2,"7":2,"8":1,"9":2,"10":2,"11":2,"12":2,"13":1,"14":1,"15":1,"16":1},"b":{"1":[2,1,1,1],"2":[1,1,1,1],"3":[1,1],"4":[2,2],"5":[1,1]},"f":{"1":2,"2":2,"3":2},"fnMap":{"1":{"name":"(anonymous_1)","line":12,"loc":{"start":{"line":12,"column":1},"end":{"line":12,"column":13}}},"2":{"name":"(anonymous_2)","line":19,"loc":{"start":{"line":19,"column":5},"end":{"line":19,"column":17}}},"3":{"name":"(anonymous_3)","line":23,"loc":{"start":{"line":23,"column":24},"end":{"line":23,"column":36}}}},"statementMap":{"1":{"start":{"line":12,"column":0},"end":{"line":53,"column":5}},"2":{"start":{"line":14,"column":4},"end":{"line":14,"column":14}},"3":{"start":{"line":19,"column":4},"end":{"line":52,"column":9}},"4":{"start":{"line":21,"column":8},"end":{"line":21,"column":19}},"5":{"start":{"line":23,"column":8},"end":{"line":35,"column":13}},"6":{"start":{"line":24,"column":12},"end":{"line":34,"column":13}},"7":{"start":{"line":25,"column":16},"end":{"line":28,"column":30}},"8":{"start":{"line":30,"column":16},"end":{"line":33,"column":27}},"9":{"start":{"line":37,"column":8},"end":{"line":39,"column":21}},"10":{"start":{"line":41,"column":8},"end":{"line":41,"column":54}},"11":{"start":{"line":43,"column":8},"end":{"line":43,"column":49}},"12":{"start":{"line":45,"column":8},"end":{"line":51,"column":9}},"13":{"start":{"line":46,"column":12},"end":{"line":46,"column":55}},"14":{"start":{"line":48,"column":12},"end":{"line":48,"column":35}},"15":{"start":{"line":49,"column":12},"end":{"line":49,"column":49}},"16":{"start":{"line":50,"column":12},"end":{"line":50,"column":43}}},"branchMap":{"1":{"line":25,"type":"binary-expr","locations":[{"start":{"line":25,"column":23},"end":{"line":25,"column":62}},{"start":{"line":26,"column":20},"end":{"line":26,"column":70}},{"start":{"line":27,"column":20},"end":{"line":27,"column":71}},{"start":{"line":28,"column":20},"end":{"line":28,"column":29}}]},"2":{"line":30,"type":"binary-expr","locations":[{"start":{"line":30,"column":23},"end":{"line":30,"column":37}},{"start":{"line":31,"column":20},"end":{"line":31,"column":61}},{"start":{"line":32,"column":20},"end":{"line":32,"column":70}},{"start":{"line":33,"column":20},"end":{"line":33,"column":26}}]},"3":{"line":37,"type":"cond-expr","locations":[{"start":{"line":38,"column":14},"end":{"line":38,"column":20}},{"start":{"line":39,"column":14},"end":{"line":39,"column":20}}]},"4":{"line":41,"type":"binary-expr","locations":[{"start":{"line":41,"column":16},"end":{"line":41,"column":44}},{"start":{"line":41,"column":48},"end":{"line":41,"column":53}}]},"5":{"line":45,"type":"if","locations":[{"start":{"line":45,"column":8},"end":{"line":45,"column":8}},{"start":{"line":45,"column":8},"end":{"line":45,"column":8}}]}},"code":["/* istanbul instrument in package npmtest_flyd */","/*jslint","    bitwise: true,","    browser: true,","    maxerr: 8,","    maxlen: 96,","    node: true,","    nomen: true,","    regexp: true,","    stupid: true","*/","(function () {","    'use strict';","    var local;","","","","    // run shared js-env code - pre-init","    (function () {","        // init local","        local = {};","        // init modeJs","        local.modeJs = (function () {","            try {","                return typeof navigator.userAgent === 'string' &&","                    typeof document.querySelector('body') === 'object' &&","                    typeof XMLHttpRequest.prototype.open === 'function' &&","                    'browser';","            } catch (errorCaughtBrowser) {","                return module.exports &&","                    typeof process.versions.node === 'string' &&","                    typeof require('http').createServer === 'function' &&","                    'node';","            }","        }());","        // init global","        local.global = local.modeJs === 'browser'","            ? window","            : global;","        // init utility2_rollup","        local = local.global.utility2_rollup || local;","        // init lib","        local.local = local.npmtest_flyd = local;","        // init exports","        if (local.modeJs === 'browser') {","            local.global.utility2_npmtest_flyd = local;","        } else {","            module.exports = local;","            module.exports.__dirname = __dirname;","            module.exports.module = module;","        }","    }());","}());",""],"l":{"12":2,"14":2,"19":2,"21":2,"23":2,"24":2,"25":2,"30":1,"37":2,"41":2,"43":2,"45":2,"46":1,"48":1,"49":1,"50":1}},"/home/travis/build/npmtest/node-npmtest-flyd/example.js":{"path":"/home/travis/build/npmtest/node-npmtest-flyd/example.js","s":{"1":2,"2":2,"3":2,"4":2,"5":2,"6":2,"7":2,"8":1,"9":2,"10":2,"11":2,"12":2,"13":1,"14":2,"15":2,"16":2,"17":2,"18":2,"19":0,"20":2,"21":1,"22":1,"23":1,"24":1,"25":1,"26":0,"27":0,"28":1,"29":1,"30":2,"31":0,"32":0,"33":0,"34":1,"35":2,"36":2,"37":3,"38":3,"39":3,"40":3,"41":0,"42":3,"43":3,"44":3,"45":1,"46":3,"47":1,"48":1,"49":1,"50":1,"51":1,"52":1,"53":1,"54":1,"55":1,"56":1,"57":0,"58":1,"59":6,"60":6,"61":1,"62":2,"63":0,"64":2,"65":1,"66":1,"67":0,"68":0,"69":0,"70":0,"71":0,"72":0,"73":0,"74":0,"75":0,"76":0,"77":0,"78":0,"79":0,"80":0,"81":0,"82":0,"83":0},"b":{"1":[2,1,1,1],"2":[1,1,1,1],"3":[1,1],"4":[2,2],"5":[1,1],"6":[1,1],"7":[2,0],"8":[2,1,1,1,1,1],"9":[0,2,0],"10":[1,1],"11":[2,1,1],"12":[1,0],"13":[0,2],"14":[2,0,0,0,0,0,0],"15":[0,3],"16":[3,0],"17":[1,1],"18":[0,1],"19":[1,2,0,2],"20":[1,0],"21":[1,1],"22":[0,0],"23":[0,0],"24":[0,0],"25":[0,0],"26":[0,0],"27":[0,0],"28":[0,0]},"f":{"1":2,"2":2,"3":2,"4":2,"5":2,"6":2,"7":3,"8":3,"9":3,"10":1,"11":6,"12":0},"fnMap":{"1":{"name":"(anonymous_1)","line":26,"loc":{"start":{"line":26,"column":1},"end":{"line":26,"column":13}}},"2":{"name":"(anonymous_2)","line":33,"loc":{"start":{"line":33,"column":5},"end":{"line":33,"column":17}}},"3":{"name":"(anonymous_3)","line":37,"loc":{"start":{"line":37,"column":24},"end":{"line":37,"column":36}}},"4":{"name":"(anonymous_4)","line":69,"loc":{"start":{"line":69,"column":31},"end":{"line":69,"column":48}},"skip":true},"5":{"name":"(anonymous_5)","line":78,"loc":{"start":{"line":78,"column":26},"end":{"line":78,"column":45}},"skip":true},"6":{"name":"(anonymous_6)","line":123,"loc":{"start":{"line":123,"column":33},"end":{"line":123,"column":48}},"skip":true},"7":{"name":"(anonymous_7)","line":125,"loc":{"start":{"line":125,"column":27},"end":{"line":125,"column":39}},"skip":true},"8":{"name":"(anonymous_8)","line":133,"loc":{"start":{"line":133,"column":59},"end":{"line":133,"column":74}},"skip":true},"9":{"name":"(anonymous_9)","line":143,"loc":{"start":{"line":143,"column":45},"end":{"line":143,"column":62}},"skip":true},"10":{"name":"(anonymous_10)","line":144,"loc":{"start":{"line":144,"column":73},"end":{"line":144,"column":92}},"skip":true},"11":{"name":"(anonymous_11)","line":272,"loc":{"start":{"line":272,"column":51},"end":{"line":272,"column":77}},"skip":true},"12":{"name":"(anonymous_12)","line":315,"loc":{"start":{"line":315,"column":32},"end":{"line":315,"column":61}},"skip":true}},"statementMap":{"1":{"start":{"line":26,"column":0},"end":{"line":326,"column":5}},"2":{"start":{"line":28,"column":4},"end":{"line":28,"column":14}},"3":{"start":{"line":33,"column":4},"end":{"line":60,"column":9}},"4":{"start":{"line":35,"column":8},"end":{"line":35,"column":19}},"5":{"start":{"line":37,"column":8},"end":{"line":49,"column":13}},"6":{"start":{"line":38,"column":12},"end":{"line":48,"column":13}},"7":{"start":{"line":39,"column":16},"end":{"line":42,"column":30}},"8":{"start":{"line":44,"column":16},"end":{"line":47,"column":27}},"9":{"start":{"line":51,"column":8},"end":{"line":53,"column":21}},"10":{"start":{"line":55,"column":8},"end":{"line":57,"column":45}},"11":{"start":{"line":59,"column":8},"end":{"line":59,"column":35}},"12":{"start":{"line":61,"column":4},"end":{"line":325,"column":5}},"13":{"start":{"line":69,"column":8},"end":{"line":121,"column":10},"skip":true},"14":{"start":{"line":70,"column":12},"end":{"line":88,"column":13},"skip":true},"15":{"start":{"line":76,"column":16},"end":{"line":87,"column":19},"skip":true},"16":{"start":{"line":79,"column":20},"end":{"line":86,"column":21},"skip":true},"17":{"start":{"line":82,"column":24},"end":{"line":82,"column":43},"skip":true},"18":{"start":{"line":83,"column":24},"end":{"line":83,"column":30},"skip":true},"19":{"start":{"line":85,"column":24},"end":{"line":85,"column":49},"skip":true},"20":{"start":{"line":89,"column":12},"end":{"line":107,"column":13},"skip":true},"21":{"start":{"line":92,"column":16},"end":{"line":102,"column":17},"skip":true},"22":{"start":{"line":93,"column":20},"end":{"line":93,"column":86},"skip":true},"23":{"start":{"line":94,"column":20},"end":{"line":95,"column":45},"skip":true},"24":{"start":{"line":96,"column":20},"end":{"line":96,"column":42},"skip":true},"25":{"start":{"line":97,"column":20},"end":{"line":97,"column":48},"skip":true},"26":{"start":{"line":100,"column":20},"end":{"line":100,"column":85},"skip":true},"27":{"start":{"line":101,"column":20},"end":{"line":101,"column":96},"skip":true},"28":{"start":{"line":103,"column":16},"end":{"line":103,"column":22},"skip":true},"29":{"start":{"line":106,"column":16},"end":{"line":106,"column":22},"skip":true},"30":{"start":{"line":108,"column":12},"end":{"line":120,"column":13},"skip":true},"31":{"start":{"line":114,"column":16},"end":{"line":119,"column":17},"skip":true},"32":{"start":{"line":116,"column":20},"end":{"line":116,"column":78},"skip":true},"33":{"start":{"line":118,"column":20},"end":{"line":118,"column":47},"skip":true},"34":{"start":{"line":123,"column":8},"end":{"line":141,"column":11},"skip":true},"35":{"start":{"line":124,"column":12},"end":{"line":124,"column":54},"skip":true},"36":{"start":{"line":125,"column":12},"end":{"line":140,"column":14},"skip":true},"37":{"start":{"line":126,"column":16},"end":{"line":126,"column":28},"skip":true},"38":{"start":{"line":127,"column":16},"end":{"line":127,"column":69},"skip":true},"39":{"start":{"line":128,"column":16},"end":{"line":128,"column":75},"skip":true},"40":{"start":{"line":129,"column":16},"end":{"line":131,"column":17},"skip":true},"41":{"start":{"line":130,"column":20},"end":{"line":130,"column":27},"skip":true},"42":{"start":{"line":133,"column":16},"end":{"line":137,"column":36},"skip":true},"43":{"start":{"line":134,"column":20},"end":{"line":136,"column":55},"skip":true},"44":{"start":{"line":139,"column":16},"end":{"line":139,"column":57},"skip":true},"45":{"start":{"line":143,"column":8},"end":{"line":147,"column":11},"skip":true},"46":{"start":{"line":144,"column":12},"end":{"line":146,"column":15},"skip":true},"47":{"start":{"line":145,"column":16},"end":{"line":145,"column":70},"skip":true},"48":{"start":{"line":149,"column":8},"end":{"line":149,"column":31},"skip":true},"49":{"start":{"line":150,"column":8},"end":{"line":150,"column":14},"skip":true},"50":{"start":{"line":158,"column":8},"end":{"line":158,"column":31},"skip":true},"51":{"start":{"line":160,"column":8},"end":{"line":160,"column":33},"skip":true},"52":{"start":{"line":161,"column":8},"end":{"line":161,"column":37},"skip":true},"53":{"start":{"line":162,"column":8},"end":{"line":162,"column":35},"skip":true},"54":{"start":{"line":164,"column":8},"end":{"line":164,"column":50},"skip":true},"55":{"start":{"line":166,"column":8},"end":{"line":256,"column":2},"skip":true},"56":{"start":{"line":258,"column":8},"end":{"line":286,"column":9},"skip":true},"57":{"start":{"line":259,"column":12},"end":{"line":269,"column":14},"skip":true},"58":{"start":{"line":271,"column":12},"end":{"line":285,"column":19},"skip":true},"59":{"start":{"line":274,"column":20},"end":{"line":274,"column":35},"skip":true},"60":{"start":{"line":275,"column":20},"end":{"line":284,"column":21},"skip":true},"61":{"start":{"line":277,"column":24},"end":{"line":277,"column":64},"skip":true},"62":{"start":{"line":279,"column":24},"end":{"line":279,"column":40},"skip":true},"63":{"start":{"line":281,"column":24},"end":{"line":281,"column":40},"skip":true},"64":{"start":{"line":283,"column":24},"end":{"line":283,"column":39},"skip":true},"65":{"start":{"line":288,"column":8},"end":{"line":290,"column":9},"skip":true},"66":{"start":{"line":289,"column":12},"end":{"line":289,"column":18},"skip":true},"67":{"start":{"line":291,"column":8},"end":{"line":293,"column":54},"skip":true},"68":{"start":{"line":296,"column":8},"end":{"line":301,"column":37},"skip":true},"69":{"start":{"line":303,"column":8},"end":{"line":303,"column":82},"skip":true},"70":{"start":{"line":306,"column":8},"end":{"line":308,"column":9},"skip":true},"71":{"start":{"line":307,"column":12},"end":{"line":307,"column":82},"skip":true},"72":{"start":{"line":310,"column":8},"end":{"line":312,"column":9},"skip":true},"73":{"start":{"line":311,"column":12},"end":{"line":311,"column":18},"skip":true},"74":{"start":{"line":313,"column":8},"end":{"line":313,"column":54},"skip":true},"75":{"start":{"line":314,"column":8},"end":{"line":314,"column":69},"skip":true},"76":{"start":{"line":315,"column":8},"end":{"line":323,"column":36},"skip":true},"77":{"start":{"line":316,"column":12},"end":{"line":316,"column":61},"skip":true},"78":{"start":{"line":317,"column":12},"end":{"line":320,"column":13},"skip":true},"79":{"start":{"line":318,"column":16},"end":{"line":318,"column":75},"skip":true},"80":{"start":{"line":319,"column":16},"end":{"line":319,"column":23},"skip":true},"81":{"start":{"line":321,"column":12},"end":{"line":321,"column":38},"skip":true},"82":{"start":{"line":322,"column":12},"end":{"line":322,"column":27},"skip":true},"83":{"start":{"line":324,"column":8},"end":{"line":324,"column":14},"skip":true}},"branchMap":{"1":{"line":39,"type":"binary-expr","locations":[{"start":{"line":39,"column":23},"end":{"line":39,"column":62}},{"start":{"line":40,"column":20},"end":{"line":40,"column":70}},{"start":{"line":41,"column":20},"end":{"line":41,"column":71}},{"start":{"line":42,"column":20},"end":{"line":42,"column":29}}]},"2":{"line":44,"type":"binary-expr","locations":[{"start":{"line":44,"column":23},"end":{"line":44,"column":37}},{"start":{"line":45,"column":20},"end":{"line":45,"column":61}},{"start":{"line":46,"column":20},"end":{"line":46,"column":70}},{"start":{"line":47,"column":20},"end":{"line":47,"column":26}}]},"3":{"line":51,"type":"cond-expr","locations":[{"start":{"line":52,"column":14},"end":{"line":52,"column":20}},{"start":{"line":53,"column":14},"end":{"line":53,"column":20}}]},"4":{"line":55,"type":"binary-expr","locations":[{"start":{"line":55,"column":16},"end":{"line":55,"column":44}},{"start":{"line":55,"column":49},"end":{"line":57,"column":43}}]},"5":{"line":55,"type":"cond-expr","locations":[{"start":{"line":56,"column":14},"end":{"line":56,"column":48}},{"start":{"line":57,"column":14},"end":{"line":57,"column":43}}]},"6":{"line":61,"type":"switch","locations":[{"start":{"line":68,"column":4},"end":{"line":150,"column":14},"skip":true},{"start":{"line":156,"column":4},"end":{"line":324,"column":14},"skip":true}]},"7":{"line":70,"type":"if","locations":[{"start":{"line":70,"column":12},"end":{"line":70,"column":12},"skip":true},{"start":{"line":70,"column":12},"end":{"line":70,"column":12},"skip":true}]},"8":{"line":70,"type":"binary-expr","locations":[{"start":{"line":70,"column":16},"end":{"line":70,"column":22},"skip":true},{"start":{"line":70,"column":27},"end":{"line":70,"column":32},"skip":true},{"start":{"line":71,"column":20},"end":{"line":71,"column":39},"skip":true},{"start":{"line":72,"column":20},"end":{"line":72,"column":49},"skip":true},{"start":{"line":73,"column":20},"end":{"line":73,"column":58},"skip":true},{"start":{"line":74,"column":20},"end":{"line":74,"column":69},"skip":true}]},"9":{"line":79,"type":"switch","locations":[{"start":{"line":80,"column":20},"end":{"line":80,"column":33},"skip":true},{"start":{"line":81,"column":20},"end":{"line":83,"column":30},"skip":true},{"start":{"line":84,"column":20},"end":{"line":85,"column":49},"skip":true}]},"10":{"line":89,"type":"switch","locations":[{"start":{"line":90,"column":12},"end":{"line":103,"column":22},"skip":true},{"start":{"line":105,"column":12},"end":{"line":106,"column":22},"skip":true}]},"11":{"line":89,"type":"binary-expr","locations":[{"start":{"line":89,"column":20},"end":{"line":89,"column":25},"skip":true},{"start":{"line":89,"column":29},"end":{"line":89,"column":48},"skip":true},{"start":{"line":89,"column":52},"end":{"line":89,"column":74},"skip":true}]},"12":{"line":92,"type":"if","locations":[{"start":{"line":92,"column":16},"end":{"line":92,"column":16},"skip":true},{"start":{"line":92,"column":16},"end":{"line":92,"column":16},"skip":true}]},"13":{"line":108,"type":"if","locations":[{"start":{"line":108,"column":12},"end":{"line":108,"column":12},"skip":true},{"start":{"line":108,"column":12},"end":{"line":108,"column":12},"skip":true}]},"14":{"line":108,"type":"binary-expr","locations":[{"start":{"line":108,"column":16},"end":{"line":108,"column":61},"skip":true},{"start":{"line":108,"column":66},"end":{"line":108,"column":72},"skip":true},{"start":{"line":108,"column":77},"end":{"line":108,"column":82},"skip":true},{"start":{"line":109,"column":20},"end":{"line":109,"column":39},"skip":true},{"start":{"line":110,"column":20},"end":{"line":110,"column":49},"skip":true},{"start":{"line":111,"column":20},"end":{"line":111,"column":58},"skip":true},{"start":{"line":112,"column":20},"end":{"line":112,"column":68},"skip":true}]},"15":{"line":129,"type":"if","locations":[{"start":{"line":129,"column":16},"end":{"line":129,"column":16},"skip":true},{"start":{"line":129,"column":16},"end":{"line":129,"column":16},"skip":true}]},"16":{"line":134,"type":"cond-expr","locations":[{"start":{"line":135,"column":26},"end":{"line":135,"column":29},"skip":true},{"start":{"line":136,"column":26},"end":{"line":136,"column":54},"skip":true}]},"17":{"line":164,"type":"binary-expr","locations":[{"start":{"line":164,"column":27},"end":{"line":164,"column":43},"skip":true},{"start":{"line":164,"column":47},"end":{"line":164,"column":49},"skip":true}]},"18":{"line":258,"type":"if","locations":[{"start":{"line":258,"column":8},"end":{"line":258,"column":8},"skip":true},{"start":{"line":258,"column":8},"end":{"line":258,"column":8},"skip":true}]},"19":{"line":275,"type":"switch","locations":[{"start":{"line":276,"column":20},"end":{"line":277,"column":64},"skip":true},{"start":{"line":278,"column":20},"end":{"line":279,"column":40},"skip":true},{"start":{"line":280,"column":20},"end":{"line":281,"column":40},"skip":true},{"start":{"line":282,"column":20},"end":{"line":283,"column":39},"skip":true}]},"20":{"line":288,"type":"if","locations":[{"start":{"line":288,"column":8},"end":{"line":288,"column":8},"skip":true},{"start":{"line":288,"column":8},"end":{"line":288,"column":8},"skip":true}]},"21":{"line":288,"type":"binary-expr","locations":[{"start":{"line":288,"column":12},"end":{"line":288,"column":40},"skip":true},{"start":{"line":288,"column":44},"end":{"line":288,"column":67},"skip":true}]},"22":{"line":292,"type":"binary-expr","locations":[{"start":{"line":292,"column":12},"end":{"line":292,"column":50},"skip":true},{"start":{"line":293,"column":12},"end":{"line":293,"column":53},"skip":true}]},"23":{"line":297,"type":"binary-expr","locations":[{"start":{"line":297,"column":12},"end":{"line":297,"column":62},"skip":true},{"start":{"line":298,"column":12},"end":{"line":301,"column":36},"skip":true}]},"24":{"line":303,"type":"binary-expr","locations":[{"start":{"line":303,"column":43},"end":{"line":303,"column":75},"skip":true},{"start":{"line":303,"column":79},"end":{"line":303,"column":81},"skip":true}]},"25":{"line":306,"type":"if","locations":[{"start":{"line":306,"column":8},"end":{"line":306,"column":8},"skip":true},{"start":{"line":306,"column":8},"end":{"line":306,"column":8},"skip":true}]},"26":{"line":310,"type":"if","locations":[{"start":{"line":310,"column":8},"end":{"line":310,"column":8},"skip":true},{"start":{"line":310,"column":8},"end":{"line":310,"column":8},"skip":true}]},"27":{"line":313,"type":"binary-expr","locations":[{"start":{"line":313,"column":27},"end":{"line":313,"column":43},"skip":true},{"start":{"line":313,"column":47},"end":{"line":313,"column":53},"skip":true}]},"28":{"line":317,"type":"if","locations":[{"start":{"line":317,"column":12},"end":{"line":317,"column":12},"skip":true},{"start":{"line":317,"column":12},"end":{"line":317,"column":12},"skip":true}]}},"code":["/*","example.js","","quickstart example","","instruction","    1. save this script as example.js","    2. run the shell command:","        $ npm install npmtest-flyd && PORT=8081 node example.js","    3. play with the browser-demo on http://127.0.0.1:8081","*/","","","","/* istanbul instrument in package npmtest_flyd */","/*jslint","    bitwise: true,","    browser: true,","    maxerr: 8,","    maxlen: 96,","    node: true,","    nomen: true,","    regexp: true,","    stupid: true","*/","(function () {","    'use strict';","    var local;","","","","    // run shared js-env code - pre-init","    (function () {","        // init local","        local = {};","        // init modeJs","        local.modeJs = (function () {","            try {","                return typeof navigator.userAgent === 'string' &&","                    typeof document.querySelector('body') === 'object' &&","                    typeof XMLHttpRequest.prototype.open === 'function' &&","                    'browser';","            } catch (errorCaughtBrowser) {","                return module.exports &&","                    typeof process.versions.node === 'string' &&","                    typeof require('http').createServer === 'function' &&","                    'node';","            }","        }());","        // init global","        local.global = local.modeJs === 'browser'","            ? window","            : global;","        // init utility2_rollup","        local = local.global.utility2_rollup || (local.modeJs === 'browser'","            ? local.global.utility2_npmtest_flyd","            : global.utility2_moduleExports);","        // export local","        local.global.local = local;","    }());","    switch (local.modeJs) {","","","","    // post-init","    // run browser js-env code - post-init","    /* istanbul ignore next */","    case 'browser':","        local.testRunBrowser = function (event) {","            if (!event || (event &&","                    event.currentTarget &&","                    event.currentTarget.className &&","                    event.currentTarget.className.includes &&","                    event.currentTarget.className.includes('onreset'))) {","                // reset output","                Array.from(","                    document.querySelectorAll('body > .resettable')","                ).forEach(function (element) {","                    switch (element.tagName) {","                    case 'INPUT':","                    case 'TEXTAREA':","                        element.value = '';","                        break;","                    default:","                        element.textContent = '';","                    }","                });","            }","            switch (event && event.currentTarget && event.currentTarget.id) {","            case 'testRunButton1':","                // show tests","                if (document.querySelector('#testReportDiv1').style.display === 'none') {","                    document.querySelector('#testReportDiv1').style.display = 'block';","                    document.querySelector('#testRunButton1').textContent =","                        'hide internal test';","                    local.modeTest = true;","                    local.testRunDefault(local);","                // hide tests","                } else {","                    document.querySelector('#testReportDiv1').style.display = 'none';","                    document.querySelector('#testRunButton1').textContent = 'run internal test';","                }","                break;","            // custom-case","            default:","                break;","            }","            if (document.querySelector('#inputTextareaEval1') && (!event || (event &&","                    event.currentTarget &&","                    event.currentTarget.className &&","                    event.currentTarget.className.includes &&","                    event.currentTarget.className.includes('oneval')))) {","                // try to eval input-code","                try {","                    /*jslint evil: true*/","                    eval(document.querySelector('#inputTextareaEval1').value);","                } catch (errorCaught) {","                    console.error(errorCaught);","                }","            }","        };","        // log stderr and stdout to #outputTextareaStdout1","        ['error', 'log'].forEach(function (key) {","            console[key + '_original'] = console[key];","            console[key] = function () {","                var element;","                console[key + '_original'].apply(console, arguments);","                element = document.querySelector('#outputTextareaStdout1');","                if (!element) {","                    return;","                }","                // append text to #outputTextareaStdout1","                element.value += Array.from(arguments).map(function (arg) {","                    return typeof arg === 'string'","                        ? arg","                        : JSON.stringify(arg, null, 4);","                }).join(' ') + '\\n';","                // scroll textarea to bottom","                element.scrollTop = element.scrollHeight;","            };","        });","        // init event-handling","        ['change', 'click', 'keyup'].forEach(function (event) {","            Array.from(document.querySelectorAll('.on' + event)).forEach(function (element) {","                element.addEventListener(event, local.testRunBrowser);","            });","        });","        // run tests","        local.testRunBrowser();","        break;","","","","    // run node js-env code - post-init","    /* istanbul ignore next */","    case 'node':","        // export local","        module.exports = local;","        // require modules","        local.fs = require('fs');","        local.http = require('http');","        local.url = require('url');","        // init assets","        local.assetsDict = local.assetsDict || {};","        /* jslint-ignore-begin */","        local.assetsDict['/assets.index.template.html'] = '\\","<!doctype html>\\n\\","<html lang=\"en\">\\n\\","<head>\\n\\","<meta charset=\"UTF-8\">\\n\\","<meta name=\"viewport\" content=\"width=device-width, initial-scale=1\">\\n\\","<title>{{env.npm_package_name}} (v{{env.npm_package_version}})</title>\\n\\","<style>\\n\\","/*csslint\\n\\","    box-sizing: false,\\n\\","    universal-selector: false\\n\\","*/\\n\\","* {\\n\\","    box-sizing: border-box;\\n\\","}\\n\\","body {\\n\\","    background: #dde;\\n\\","    font-family: Arial, Helvetica, sans-serif;\\n\\","    margin: 2rem;\\n\\","}\\n\\","body > * {\\n\\","    margin-bottom: 1rem;\\n\\","}\\n\\",".utility2FooterDiv {\\n\\","    margin-top: 20px;\\n\\","    text-align: center;\\n\\","}\\n\\","</style>\\n\\","<style>\\n\\","/*csslint\\n\\","*/\\n\\","textarea {\\n\\","    font-family: monospace;\\n\\","    height: 10rem;\\n\\","    width: 100%;\\n\\","}\\n\\","textarea[readonly] {\\n\\","    background: #ddd;\\n\\","}\\n\\","</style>\\n\\","</head>\\n\\","<body>\\n\\","<!-- utility2-comment\\n\\","<div id=\"ajaxProgressDiv1\" style=\"background: #d00; height: 2px; left: 0; margin: 0; padding: 0; position: fixed; top: 0; transition: background 0.5s, width 1.5s; width: 25%;\"></div>\\n\\","utility2-comment -->\\n\\","<h1>\\n\\","<!-- utility2-comment\\n\\","    <a\\n\\","        {{#if env.npm_package_homepage}}\\n\\","        href=\"{{env.npm_package_homepage}}\"\\n\\","        {{/if env.npm_package_homepage}}\\n\\","        target=\"_blank\"\\n\\","    >\\n\\","utility2-comment -->\\n\\","        {{env.npm_package_name}} (v{{env.npm_package_version}})\\n\\","<!-- utility2-comment\\n\\","    </a>\\n\\","utility2-comment -->\\n\\","</h1>\\n\\","<h3>{{env.npm_package_description}}</h3>\\n\\","<!-- utility2-comment\\n\\","<h4><a download href=\"assets.app.js\">download standalone app</a></h4>\\n\\","<button class=\"onclick onreset\" id=\"testRunButton1\">run internal test</button><br>\\n\\","<div id=\"testReportDiv1\" style=\"display: none;\"></div>\\n\\","utility2-comment -->\\n\\","\\n\\","\\n\\","\\n\\","<label>stderr and stdout</label>\\n\\","<textarea class=\"resettable\" id=\"outputTextareaStdout1\" readonly></textarea>\\n\\","<!-- utility2-comment\\n\\","{{#if isRollup}}\\n\\","<script src=\"assets.app.js\"></script>\\n\\","{{#unless isRollup}}\\n\\","utility2-comment -->\\n\\","<script src=\"assets.utility2.rollup.js\"></script>\\n\\","<script src=\"jsonp.utility2._stateInit?callback=window.utility2._stateInit\"></script>\\n\\","<script src=\"assets.npmtest_flyd.rollup.js\"></script>\\n\\","<script src=\"assets.example.js\"></script>\\n\\","<script src=\"assets.test.js\"></script>\\n\\","<!-- utility2-comment\\n\\","{{/if isRollup}}\\n\\","utility2-comment -->\\n\\","<div class=\"utility2FooterDiv\">\\n\\","    [ this app was created with\\n\\","    <a href=\"https://github.com/kaizhu256/node-utility2\" target=\"_blank\">utility2</a>\\n\\","    ]\\n\\","</div>\\n\\","</body>\\n\\","</html>\\n\\","';","        /* jslint-ignore-end */","        if (local.templateRender) {","            local.assetsDict['/'] = local.templateRender(","                local.assetsDict['/assets.index.template.html'],","                {","                    env: local.objectSetDefault(local.env, {","                        npm_package_description: 'the greatest app in the world!',","                        npm_package_name: 'my-app',","                        npm_package_nameAlias: 'my_app',","                        npm_package_version: '0.0.1'","                    })","                }","            );","        } else {","            local.assetsDict['/'] = local.assetsDict['/assets.index.template.html']","                .replace((/\\{\\{env\\.(\\w+?)\\}\\}/g), function (match0, match1) {","                    // jslint-hack","                    String(match0);","                    switch (match1) {","                    case 'npm_package_description':","                        return 'the greatest app in the world!';","                    case 'npm_package_name':","                        return 'my-app';","                    case 'npm_package_nameAlias':","                        return 'my_app';","                    case 'npm_package_version':","                        return '0.0.1';","                    }","                });","        }","        // run the cli","        if (local.global.utility2_rollup || module !== require.main) {","            break;","        }","        local.assetsDict['/assets.example.js'] =","            local.assetsDict['/assets.example.js'] ||","            local.fs.readFileSync(__filename, 'utf8');","        // bug-workaround - long $npm_package_buildCustomOrg","        /* jslint-ignore-begin */","        local.assetsDict['/assets.npmtest_flyd.rollup.js'] =","            local.assetsDict['/assets.npmtest_flyd.rollup.js'] ||","            local.fs.readFileSync(","                local.npmtest_flyd.__dirname + '/lib.npmtest_flyd.js',","                'utf8'","            ).replace((/^#!/), '//');","        /* jslint-ignore-end */","        local.assetsDict['/favicon.ico'] = local.assetsDict['/favicon.ico'] || '';","        // if $npm_config_timeout_exit exists,","        // then exit this process after $npm_config_timeout_exit ms","        if (Number(process.env.npm_config_timeout_exit)) {","            setTimeout(process.exit, Number(process.env.npm_config_timeout_exit));","        }","        // start server","        if (local.global.utility2_serverHttp1) {","            break;","        }","        process.env.PORT = process.env.PORT || '8081';","        console.error('server starting on port ' + process.env.PORT);","        local.http.createServer(function (request, response) {","            request.urlParsed = local.url.parse(request.url);","            if (local.assetsDict[request.urlParsed.pathname] !== undefined) {","                response.end(local.assetsDict[request.urlParsed.pathname]);","                return;","            }","            response.statusCode = 404;","            response.end();","        }).listen(process.env.PORT);","        break;","    }","}());",""],"l":{"26":2,"28":2,"33":2,"35":2,"37":2,"38":2,"39":2,"44":1,"51":2,"55":2,"59":2,"61":2,"69":1,"70":2,"76":2,"79":2,"82":2,"83":2,"85":1,"89":2,"92":1,"93":1,"94":1,"96":1,"97":1,"100":1,"101":1,"103":1,"106":1,"108":2,"114":1,"116":1,"118":1,"123":1,"124":2,"125":2,"126":3,"127":3,"128":3,"129":3,"130":1,"133":3,"134":3,"139":3,"143":1,"144":3,"145":1,"149":1,"150":1,"158":1,"160":1,"161":1,"162":1,"164":1,"166":1,"258":1,"259":1,"271":1,"274":6,"275":6,"277":1,"279":2,"281":1,"283":2,"288":1,"289":1,"291":1,"296":1,"303":1,"306":1,"307":1,"310":1,"311":1,"313":1,"314":1,"315":1,"316":1,"317":1,"318":1,"319":1,"321":1,"322":1,"324":1}},"/home/travis/build/npmtest/node-npmtest-flyd/node_modules/flyd/lib/index.js":{"path":"/home/travis/build/npmtest/node-npmtest-flyd/node_modules/flyd/lib/index.js","s":{"1":1,"2":1,"3":0,"4":1,"5":0,"6":1,"7":1,"8":1,"9":1,"10":1,"11":1,"12":1,"13":0,"14":0,"15":0,"16":0,"17":0,"18":0,"19":0,"20":0,"21":0,"22":0,"23":1,"24":1,"25":0,"26":0,"27":0,"28":0,"29":0,"30":0,"31":0,"32":0,"33":0,"34":0,"35":0,"36":0,"37":0,"38":0,"39":0,"40":0,"41":0,"42":0,"43":1,"44":0,"45":1,"46":0,"47":0,"48":0,"49":0,"50":1,"51":0,"52":0,"53":0,"54":0,"55":1,"56":0,"57":0,"58":1,"59":0,"60":0,"61":1,"62":0,"63":0,"64":0,"65":0,"66":0,"67":1,"68":0,"69":0,"70":0,"71":0,"72":0,"73":0,"74":0,"75":0,"76":0,"77":0,"78":1,"79":0,"80":0,"81":0,"82":0,"83":0,"84":0,"85":0,"86":1,"87":1,"88":0,"89":1,"90":0,"91":0,"92":0,"93":1,"94":0,"95":1,"96":1,"97":0,"98":0,"99":0,"100":0,"101":0,"102":0,"103":0,"104":0,"105":0,"106":0,"107":0,"108":0,"109":0,"110":0,"111":0,"112":1,"113":0,"114":0,"115":0,"116":0,"117":0,"118":0,"119":0,"120":0,"121":1,"122":0,"123":0,"124":0,"125":1,"126":0,"127":0,"128":0,"129":0,"130":0,"131":0,"132":0,"133":0,"134":0,"135":0,"136":0,"137":0,"138":0,"139":0,"140":0,"141":0,"142":0,"143":1,"144":0,"145":0,"146":0,"147":0,"148":0,"149":0,"150":0,"151":0,"152":0,"153":0,"154":0,"155":0,"156":0,"157":0,"158":0,"159":1,"160":0,"161":0,"162":0,"163":0,"164":0,"165":0,"166":0,"167":1,"168":0,"169":0,"170":0,"171":0,"172":0,"173":0,"174":0,"175":1,"176":0,"177":0,"178":0,"179":0,"180":0,"181":0,"182":0,"183":0,"184":0,"185":0,"186":0,"187":0,"188":0,"189":0,"190":0,"191":1,"192":0,"193":0,"194":0,"195":0,"196":0,"197":0,"198":0,"199":0,"200":1,"201":0,"202":0,"203":1,"204":0,"205":0,"206":0,"207":1,"208":0,"209":0,"210":0,"211":1,"212":0,"213":0,"214":0,"215":0,"216":1,"217":1,"218":1,"219":1,"220":0,"221":1},"b":{"1":[0,0,0,0],"2":[0,0],"3":[0,0],"4":[0,0],"5":[0,0],"6":[0,0],"7":[0,0],"8":[0,0],"9":[0,0],"10":[0,0],"11":[0,0],"12":[0,0],"13":[0,0],"14":[0,0],"15":[0,0],"16":[0,0,0,0],"17":[0,0],"18":[0,0],"19":[0,0],"20":[0,0],"21":[0,0],"22":[0,0],"23":[0,0],"24":[0,0],"25":[0,0],"26":[0,0],"27":[0,0],"28":[0,0,0],"29":[0,0],"30":[0,0],"31":[0,0],"32":[0,0],"33":[0,0],"34":[0,0],"35":[0,0]},"f":{"1":0,"2":0,"3":0,"4":0,"5":0,"6":0,"7":0,"8":0,"9":0,"10":0,"11":0,"12":0,"13":0,"14":0,"15":0,"16":0,"17":0,"18":0,"19":0,"20":0,"21":0,"22":0,"23":0,"24":0,"25":0,"26":0,"27":0,"28":0,"29":0,"30":0,"31":0,"32":0,"33":0,"34":0,"35":0,"36":0,"37":0,"38":0,"39":0,"40":0,"41":0,"42":0},"fnMap":{"1":{"name":"isFunction","line":6,"loc":{"start":{"line":6,"column":0},"end":{"line":6,"column":25}}},"2":{"name":"trueFn","line":9,"loc":{"start":{"line":9,"column":0},"end":{"line":9,"column":18}}},"3":{"name":"(anonymous_3)","line":36,"loc":{"start":{"line":36,"column":14},"end":{"line":36,"column":37}}},"4":{"name":"(anonymous_4)","line":42,"loc":{"start":{"line":42,"column":13},"end":{"line":42,"column":24}}},"5":{"name":"combine","line":67,"loc":{"start":{"line":67,"column":0},"end":{"line":67,"column":30}}},"6":{"name":"(anonymous_6)","line":103,"loc":{"start":{"line":103,"column":16},"end":{"line":103,"column":33}}},"7":{"name":"(anonymous_7)","line":132,"loc":{"start":{"line":132,"column":17},"end":{"line":132,"column":29}}},"8":{"name":"(anonymous_8)","line":158,"loc":{"start":{"line":158,"column":14},"end":{"line":158,"column":32}}},"9":{"name":"(anonymous_9)","line":183,"loc":{"start":{"line":183,"column":21},"end":{"line":183,"column":36}}},"10":{"name":"(anonymous_10)","line":184,"loc":{"start":{"line":184,"column":17},"end":{"line":184,"column":35}}},"11":{"name":"(anonymous_11)","line":201,"loc":{"start":{"line":201,"column":20},"end":{"line":201,"column":35}}},"12":{"name":"(anonymous_12)","line":202,"loc":{"start":{"line":202,"column":17},"end":{"line":202,"column":29}}},"13":{"name":"(anonymous_13)","line":223,"loc":{"start":{"line":223,"column":22},"end":{"line":223,"column":42}}},"14":{"name":"(anonymous_14)","line":224,"loc":{"start":{"line":224,"column":19},"end":{"line":224,"column":37}}},"15":{"name":"(anonymous_15)","line":249,"loc":{"start":{"line":249,"column":23},"end":{"line":249,"column":40}}},"16":{"name":"(anonymous_16)","line":250,"loc":{"start":{"line":250,"column":33},"end":{"line":250,"column":65}}},"17":{"name":"(anonymous_17)","line":259,"loc":{"start":{"line":259,"column":22},"end":{"line":259,"column":33}}},"18":{"name":"(anonymous_18)","line":286,"loc":{"start":{"line":286,"column":27},"end":{"line":286,"column":51}}},"19":{"name":"(anonymous_19)","line":288,"loc":{"start":{"line":288,"column":17},"end":{"line":288,"column":40}}},"20":{"name":"boundMap","line":333,"loc":{"start":{"line":333,"column":0},"end":{"line":333,"column":21}}},"21":{"name":"ap","line":357,"loc":{"start":{"line":357,"column":0},"end":{"line":357,"column":16}}},"22":{"name":"(anonymous_22)","line":359,"loc":{"start":{"line":359,"column":17},"end":{"line":359,"column":40}}},"23":{"name":"streamToString","line":367,"loc":{"start":{"line":367,"column":0},"end":{"line":367,"column":26}}},"24":{"name":"createStream","line":401,"loc":{"start":{"line":401,"column":0},"end":{"line":401,"column":24}}},"25":{"name":"s","line":402,"loc":{"start":{"line":402,"column":2},"end":{"line":402,"column":16}}},"26":{"name":"createDependentStream","line":428,"loc":{"start":{"line":428,"column":0},"end":{"line":428,"column":41}}},"27":{"name":"initialDepsNotMet","line":445,"loc":{"start":{"line":445,"column":0},"end":{"line":445,"column":35}}},"28":{"name":"(anonymous_28)","line":446,"loc":{"start":{"line":446,"column":37},"end":{"line":446,"column":49}}},"29":{"name":"updateStream","line":457,"loc":{"start":{"line":457,"column":0},"end":{"line":457,"column":25}}},"30":{"name":"updateDeps","line":481,"loc":{"start":{"line":481,"column":0},"end":{"line":481,"column":23}}},"31":{"name":"findDeps","line":507,"loc":{"start":{"line":507,"column":0},"end":{"line":507,"column":21}}},"32":{"name":"flushUpdate","line":522,"loc":{"start":{"line":522,"column":0},"end":{"line":522,"column":23}}},"33":{"name":"updateStreamValue","line":538,"loc":{"start":{"line":538,"column":0},"end":{"line":538,"column":33}}},"34":{"name":"markListeners","line":560,"loc":{"start":{"line":560,"column":0},"end":{"line":560,"column":33}}},"35":{"name":"addListeners","line":581,"loc":{"start":{"line":581,"column":0},"end":{"line":581,"column":31}}},"36":{"name":"removeListener","line":593,"loc":{"start":{"line":593,"column":0},"end":{"line":593,"column":38}}},"37":{"name":"detachDeps","line":604,"loc":{"start":{"line":604,"column":0},"end":{"line":604,"column":23}}},"38":{"name":"endStream","line":615,"loc":{"start":{"line":615,"column":0},"end":{"line":615,"column":22}}},"39":{"name":"StreamTransformer","line":624,"loc":{"start":{"line":624,"column":0},"end":{"line":624,"column":29}}},"40":{"name":"(anonymous_40)","line":625,"loc":{"start":{"line":625,"column":51},"end":{"line":625,"column":62}}},"41":{"name":"(anonymous_41)","line":626,"loc":{"start":{"line":626,"column":53},"end":{"line":626,"column":64}}},"42":{"name":"(anonymous_42)","line":627,"loc":{"start":{"line":627,"column":51},"end":{"line":627,"column":66}}}},"statementMap":{"1":{"start":{"line":3,"column":0},"end":{"line":3,"column":41}},"2":{"start":{"line":6,"column":0},"end":{"line":8,"column":1}},"3":{"start":{"line":7,"column":2},"end":{"line":7,"column":61}},"4":{"start":{"line":9,"column":0},"end":{"line":9,"column":34}},"5":{"start":{"line":9,"column":20},"end":{"line":9,"column":32}},"6":{"start":{"line":12,"column":0},"end":{"line":12,"column":18}},"7":{"start":{"line":13,"column":0},"end":{"line":13,"column":13}},"8":{"start":{"line":14,"column":0},"end":{"line":14,"column":15}},"9":{"start":{"line":15,"column":0},"end":{"line":15,"column":22}},"10":{"start":{"line":16,"column":0},"end":{"line":16,"column":21}},"11":{"start":{"line":19,"column":0},"end":{"line":19,"column":13}},"12":{"start":{"line":36,"column":0},"end":{"line":47,"column":1}},"13":{"start":{"line":37,"column":2},"end":{"line":37,"column":52}},"14":{"start":{"line":38,"column":2},"end":{"line":38,"column":25}},"15":{"start":{"line":39,"column":2},"end":{"line":39,"column":20}},"16":{"start":{"line":40,"column":2},"end":{"line":40,"column":16}},"17":{"start":{"line":41,"column":2},"end":{"line":41,"column":30}},"18":{"start":{"line":42,"column":2},"end":{"line":44,"column":4}},"19":{"start":{"line":43,"column":4},"end":{"line":43,"column":15}},"20":{"start":{"line":45,"column":2},"end":{"line":45,"column":44}},"21":{"start":{"line":45,"column":28},"end":{"line":45,"column":44}},"22":{"start":{"line":46,"column":2},"end":{"line":46,"column":11}},"23":{"start":{"line":66,"column":0},"end":{"line":66,"column":34}},"24":{"start":{"line":67,"column":0},"end":{"line":86,"column":1}},"25":{"start":{"line":68,"column":2},"end":{"line":68,"column":32}},"26":{"start":{"line":69,"column":2},"end":{"line":69,"column":52}},"27":{"start":{"line":70,"column":2},"end":{"line":70,"column":12}},"28":{"start":{"line":70,"column":13},"end":{"line":70,"column":32}},"29":{"start":{"line":71,"column":2},"end":{"line":76,"column":3}},"30":{"start":{"line":72,"column":4},"end":{"line":75,"column":5}},"31":{"start":{"line":73,"column":6},"end":{"line":73,"column":28}},"32":{"start":{"line":74,"column":6},"end":{"line":74,"column":75}},"33":{"start":{"line":74,"column":40},"end":{"line":74,"column":75}},"34":{"start":{"line":77,"column":2},"end":{"line":77,"column":38}},"35":{"start":{"line":78,"column":2},"end":{"line":78,"column":21}},"36":{"start":{"line":79,"column":2},"end":{"line":79,"column":47}},"37":{"start":{"line":80,"column":2},"end":{"line":80,"column":20}},"38":{"start":{"line":81,"column":2},"end":{"line":81,"column":30}},"39":{"start":{"line":82,"column":2},"end":{"line":82,"column":41}},"40":{"start":{"line":83,"column":2},"end":{"line":83,"column":33}},"41":{"start":{"line":84,"column":2},"end":{"line":84,"column":18}},"42":{"start":{"line":85,"column":2},"end":{"line":85,"column":11}},"43":{"start":{"line":103,"column":0},"end":{"line":105,"column":1}},"44":{"start":{"line":104,"column":2},"end":{"line":104,"column":50}},"45":{"start":{"line":132,"column":0},"end":{"line":138,"column":1}},"46":{"start":{"line":133,"column":2},"end":{"line":136,"column":3}},"47":{"start":{"line":134,"column":4},"end":{"line":134,"column":21}},"48":{"start":{"line":135,"column":4},"end":{"line":135,"column":20}},"49":{"start":{"line":137,"column":2},"end":{"line":137,"column":11}},"50":{"start":{"line":158,"column":0},"end":{"line":163,"column":1}},"51":{"start":{"line":159,"column":2},"end":{"line":159,"column":20}},"52":{"start":{"line":160,"column":2},"end":{"line":160,"column":29}},"53":{"start":{"line":161,"column":2},"end":{"line":161,"column":24}},"54":{"start":{"line":162,"column":2},"end":{"line":162,"column":11}},"55":{"start":{"line":183,"column":0},"end":{"line":185,"column":2}},"56":{"start":{"line":184,"column":2},"end":{"line":184,"column":61}},"57":{"start":{"line":184,"column":37},"end":{"line":184,"column":52}},"58":{"start":{"line":201,"column":0},"end":{"line":203,"column":2}},"59":{"start":{"line":202,"column":2},"end":{"line":202,"column":49}},"60":{"start":{"line":202,"column":31},"end":{"line":202,"column":40}},"61":{"start":{"line":223,"column":0},"end":{"line":229,"column":3}},"62":{"start":{"line":224,"column":2},"end":{"line":226,"column":10}},"63":{"start":{"line":225,"column":4},"end":{"line":225,"column":30}},"64":{"start":{"line":227,"column":2},"end":{"line":227,"column":26}},"65":{"start":{"line":227,"column":18},"end":{"line":227,"column":26}},"66":{"start":{"line":228,"column":2},"end":{"line":228,"column":12}},"67":{"start":{"line":249,"column":0},"end":{"line":263,"column":3}},"68":{"start":{"line":250,"column":2},"end":{"line":258,"column":16}},"69":{"start":{"line":251,"column":4},"end":{"line":257,"column":5}},"70":{"start":{"line":252,"column":6},"end":{"line":252,"column":25}},"71":{"start":{"line":253,"column":11},"end":{"line":257,"column":5}},"72":{"start":{"line":254,"column":6},"end":{"line":254,"column":19}},"73":{"start":{"line":255,"column":11},"end":{"line":257,"column":5}},"74":{"start":{"line":256,"column":6},"end":{"line":256,"column":19}},"75":{"start":{"line":259,"column":2},"end":{"line":261,"column":27}},"76":{"start":{"line":260,"column":4},"end":{"line":260,"column":16}},"77":{"start":{"line":262,"column":2},"end":{"line":262,"column":11}},"78":{"start":{"line":286,"column":0},"end":{"line":297,"column":3}},"79":{"start":{"line":287,"column":2},"end":{"line":287,"column":41}},"80":{"start":{"line":288,"column":2},"end":{"line":296,"column":15}},"81":{"start":{"line":289,"column":4},"end":{"line":289,"column":64}},"82":{"start":{"line":290,"column":4},"end":{"line":295,"column":5}},"83":{"start":{"line":291,"column":6},"end":{"line":291,"column":21}},"84":{"start":{"line":292,"column":6},"end":{"line":292,"column":39}},"85":{"start":{"line":294,"column":6},"end":{"line":294,"column":17}},"86":{"start":{"line":314,"column":0},"end":{"line":314,"column":20}},"87":{"start":{"line":333,"column":0},"end":{"line":333,"column":50}},"88":{"start":{"line":333,"column":23},"end":{"line":333,"column":48}},"89":{"start":{"line":357,"column":0},"end":{"line":360,"column":1}},"90":{"start":{"line":358,"column":2},"end":{"line":358,"column":16}},"91":{"start":{"line":359,"column":2},"end":{"line":359,"column":77}},"92":{"start":{"line":359,"column":42},"end":{"line":359,"column":63}},"93":{"start":{"line":367,"column":0},"end":{"line":369,"column":1}},"94":{"start":{"line":368,"column":2},"end":{"line":368,"column":36}},"95":{"start":{"line":401,"column":0},"end":{"line":418,"column":1}},"96":{"start":{"line":402,"column":2},"end":{"line":406,"column":3}},"97":{"start":{"line":403,"column":4},"end":{"line":403,"column":44}},"98":{"start":{"line":403,"column":32},"end":{"line":403,"column":44}},"99":{"start":{"line":404,"column":4},"end":{"line":404,"column":27}},"100":{"start":{"line":405,"column":4},"end":{"line":405,"column":12}},"101":{"start":{"line":407,"column":2},"end":{"line":407,"column":19}},"102":{"start":{"line":408,"column":2},"end":{"line":408,"column":20}},"103":{"start":{"line":409,"column":2},"end":{"line":409,"column":14}},"104":{"start":{"line":410,"column":2},"end":{"line":410,"column":19}},"105":{"start":{"line":411,"column":2},"end":{"line":411,"column":19}},"106":{"start":{"line":412,"column":2},"end":{"line":412,"column":20}},"107":{"start":{"line":413,"column":2},"end":{"line":413,"column":19}},"108":{"start":{"line":414,"column":2},"end":{"line":414,"column":12}},"109":{"start":{"line":415,"column":2},"end":{"line":415,"column":21}},"110":{"start":{"line":416,"column":2},"end":{"line":416,"column":30}},"111":{"start":{"line":417,"column":2},"end":{"line":417,"column":11}},"112":{"start":{"line":428,"column":0},"end":{"line":437,"column":1}},"113":{"start":{"line":429,"column":2},"end":{"line":429,"column":25}},"114":{"start":{"line":430,"column":2},"end":{"line":430,"column":12}},"115":{"start":{"line":431,"column":2},"end":{"line":431,"column":16}},"116":{"start":{"line":432,"column":2},"end":{"line":432,"column":20}},"117":{"start":{"line":433,"column":2},"end":{"line":433,"column":51}},"118":{"start":{"line":434,"column":2},"end":{"line":434,"column":25}},"119":{"start":{"line":435,"column":2},"end":{"line":435,"column":24}},"120":{"start":{"line":436,"column":2},"end":{"line":436,"column":11}},"121":{"start":{"line":445,"column":0},"end":{"line":450,"column":1}},"122":{"start":{"line":446,"column":2},"end":{"line":448,"column":5}},"123":{"start":{"line":447,"column":4},"end":{"line":447,"column":20}},"124":{"start":{"line":449,"column":2},"end":{"line":449,"column":25}},"125":{"start":{"line":457,"column":0},"end":{"line":474,"column":1}},"126":{"start":{"line":458,"column":2},"end":{"line":459,"column":58}},"127":{"start":{"line":459,"column":51},"end":{"line":459,"column":58}},"128":{"start":{"line":460,"column":2},"end":{"line":463,"column":3}},"129":{"start":{"line":461,"column":4},"end":{"line":461,"column":21}},"130":{"start":{"line":462,"column":4},"end":{"line":462,"column":11}},"131":{"start":{"line":464,"column":2},"end":{"line":464,"column":15}},"132":{"start":{"line":465,"column":2},"end":{"line":465,"column":67}},"133":{"start":{"line":465,"column":21},"end":{"line":465,"column":67}},"134":{"start":{"line":466,"column":2},"end":{"line":466,"column":45}},"135":{"start":{"line":467,"column":2},"end":{"line":469,"column":3}},"136":{"start":{"line":468,"column":4},"end":{"line":468,"column":17}},"137":{"start":{"line":470,"column":2},"end":{"line":470,"column":23}},"138":{"start":{"line":471,"column":2},"end":{"line":471,"column":54}},"139":{"start":{"line":471,"column":35},"end":{"line":471,"column":54}},"140":{"start":{"line":472,"column":2},"end":{"line":472,"column":25}},"141":{"start":{"line":473,"column":2},"end":{"line":473,"column":40}},"142":{"start":{"line":473,"column":26},"end":{"line":473,"column":40}},"143":{"start":{"line":481,"column":0},"end":{"line":499,"column":1}},"144":{"start":{"line":482,"column":2},"end":{"line":482,"column":16}},"145":{"start":{"line":483,"column":2},"end":{"line":483,"column":30}},"146":{"start":{"line":484,"column":2},"end":{"line":493,"column":3}},"147":{"start":{"line":485,"column":4},"end":{"line":485,"column":24}},"148":{"start":{"line":486,"column":4},"end":{"line":492,"column":5}},"149":{"start":{"line":487,"column":6},"end":{"line":487,"column":22}},"150":{"start":{"line":489,"column":6},"end":{"line":489,"column":67}},"151":{"start":{"line":489,"column":42},"end":{"line":489,"column":67}},"152":{"start":{"line":490,"column":6},"end":{"line":490,"column":31}},"153":{"start":{"line":491,"column":6},"end":{"line":491,"column":21}},"154":{"start":{"line":494,"column":2},"end":{"line":498,"column":3}},"155":{"start":{"line":495,"column":4},"end":{"line":495,"column":28}},"156":{"start":{"line":496,"column":4},"end":{"line":496,"column":49}},"157":{"start":{"line":496,"column":33},"end":{"line":496,"column":49}},"158":{"start":{"line":497,"column":4},"end":{"line":497,"column":21}},"159":{"start":{"line":507,"column":0},"end":{"line":517,"column":1}},"160":{"start":{"line":508,"column":2},"end":{"line":508,"column":7}},"161":{"start":{"line":509,"column":2},"end":{"line":509,"column":30}},"162":{"start":{"line":510,"column":2},"end":{"line":516,"column":3}},"163":{"start":{"line":511,"column":4},"end":{"line":511,"column":20}},"164":{"start":{"line":512,"column":4},"end":{"line":514,"column":5}},"165":{"start":{"line":513,"column":6},"end":{"line":513,"column":29}},"166":{"start":{"line":515,"column":4},"end":{"line":515,"column":30}},"167":{"start":{"line":522,"column":0},"end":{"line":530,"column":1}},"168":{"start":{"line":523,"column":2},"end":{"line":523,"column":18}},"169":{"start":{"line":524,"column":2},"end":{"line":528,"column":3}},"170":{"start":{"line":525,"column":4},"end":{"line":525,"column":29}},"171":{"start":{"line":526,"column":4},"end":{"line":526,"column":50}},"172":{"start":{"line":526,"column":27},"end":{"line":526,"column":50}},"173":{"start":{"line":527,"column":4},"end":{"line":527,"column":18}},"174":{"start":{"line":529,"column":2},"end":{"line":529,"column":19}},"175":{"start":{"line":538,"column":0},"end":{"line":555,"column":1}},"176":{"start":{"line":539,"column":2},"end":{"line":542,"column":3}},"177":{"start":{"line":540,"column":4},"end":{"line":540,"column":14}},"178":{"start":{"line":541,"column":4},"end":{"line":541,"column":11}},"179":{"start":{"line":543,"column":2},"end":{"line":543,"column":12}},"180":{"start":{"line":544,"column":2},"end":{"line":544,"column":18}},"181":{"start":{"line":545,"column":2},"end":{"line":554,"column":3}},"182":{"start":{"line":546,"column":4},"end":{"line":546,"column":20}},"183":{"start":{"line":547,"column":4},"end":{"line":547,"column":18}},"184":{"start":{"line":548,"column":4},"end":{"line":548,"column":66}},"185":{"start":{"line":548,"column":29},"end":{"line":548,"column":43}},"186":{"start":{"line":548,"column":49},"end":{"line":548,"column":66}},"187":{"start":{"line":549,"column":9},"end":{"line":554,"column":3}},"188":{"start":{"line":550,"column":4},"end":{"line":550,"column":34}},"189":{"start":{"line":552,"column":4},"end":{"line":552,"column":19}},"190":{"start":{"line":553,"column":4},"end":{"line":553,"column":21}},"191":{"start":{"line":560,"column":0},"end":{"line":573,"column":1}},"192":{"start":{"line":561,"column":2},"end":{"line":561,"column":14}},"193":{"start":{"line":562,"column":2},"end":{"line":572,"column":3}},"194":{"start":{"line":563,"column":4},"end":{"line":563,"column":20}},"195":{"start":{"line":564,"column":4},"end":{"line":571,"column":5}},"196":{"start":{"line":565,"column":6},"end":{"line":567,"column":7}},"197":{"start":{"line":566,"column":8},"end":{"line":566,"column":33}},"198":{"start":{"line":568,"column":6},"end":{"line":568,"column":31}},"199":{"start":{"line":570,"column":6},"end":{"line":570,"column":22}},"200":{"start":{"line":581,"column":0},"end":{"line":585,"column":1}},"201":{"start":{"line":582,"column":2},"end":{"line":584,"column":3}},"202":{"start":{"line":583,"column":4},"end":{"line":583,"column":30}},"203":{"start":{"line":593,"column":0},"end":{"line":597,"column":1}},"204":{"start":{"line":594,"column":2},"end":{"line":594,"column":33}},"205":{"start":{"line":595,"column":2},"end":{"line":595,"column":51}},"206":{"start":{"line":596,"column":2},"end":{"line":596,"column":21}},"207":{"start":{"line":604,"column":0},"end":{"line":609,"column":1}},"208":{"start":{"line":605,"column":2},"end":{"line":607,"column":3}},"209":{"start":{"line":606,"column":4},"end":{"line":606,"column":43}},"210":{"start":{"line":608,"column":2},"end":{"line":608,"column":20}},"211":{"start":{"line":615,"column":0},"end":{"line":618,"column":1}},"212":{"start":{"line":616,"column":2},"end":{"line":616,"column":42}},"213":{"start":{"line":616,"column":28},"end":{"line":616,"column":42}},"214":{"start":{"line":617,"column":2},"end":{"line":617,"column":45}},"215":{"start":{"line":617,"column":27},"end":{"line":617,"column":45}},"216":{"start":{"line":624,"column":0},"end":{"line":624,"column":32}},"217":{"start":{"line":625,"column":0},"end":{"line":625,"column":66}},"218":{"start":{"line":626,"column":0},"end":{"line":626,"column":68}},"219":{"start":{"line":627,"column":0},"end":{"line":627,"column":80}},"220":{"start":{"line":627,"column":68},"end":{"line":627,"column":77}},"221":{"start":{"line":629,"column":0},"end":{"line":629,"column":22}}},"branchMap":{"1":{"line":7,"type":"binary-expr","locations":[{"start":{"line":7,"column":12},"end":{"line":7,"column":15}},{"start":{"line":7,"column":19},"end":{"line":7,"column":34}},{"start":{"line":7,"column":38},"end":{"line":7,"column":46}},{"start":{"line":7,"column":50},"end":{"line":7,"column":59}}]},"2":{"line":45,"type":"if","locations":[{"start":{"line":45,"column":2},"end":{"line":45,"column":2}},{"start":{"line":45,"column":2},"end":{"line":45,"column":2}}]},"3":{"line":72,"type":"if","locations":[{"start":{"line":72,"column":4},"end":{"line":72,"column":4}},{"start":{"line":72,"column":4},"end":{"line":72,"column":4}}]},"4":{"line":74,"type":"if","locations":[{"start":{"line":74,"column":6},"end":{"line":74,"column":6}},{"start":{"line":74,"column":6},"end":{"line":74,"column":6}}]},"5":{"line":104,"type":"binary-expr","locations":[{"start":{"line":104,"column":9},"end":{"line":104,"column":27}},{"start":{"line":104,"column":31},"end":{"line":104,"column":49}}]},"6":{"line":133,"type":"if","locations":[{"start":{"line":133,"column":2},"end":{"line":133,"column":2}},{"start":{"line":133,"column":2},"end":{"line":133,"column":2}}]},"7":{"line":227,"type":"if","locations":[{"start":{"line":227,"column":2},"end":{"line":227,"column":2}},{"start":{"line":227,"column":2},"end":{"line":227,"column":2}}]},"8":{"line":251,"type":"if","locations":[{"start":{"line":251,"column":4},"end":{"line":251,"column":4}},{"start":{"line":251,"column":4},"end":{"line":251,"column":4}}]},"9":{"line":253,"type":"if","locations":[{"start":{"line":253,"column":11},"end":{"line":253,"column":11}},{"start":{"line":253,"column":11},"end":{"line":253,"column":11}}]},"10":{"line":255,"type":"if","locations":[{"start":{"line":255,"column":11},"end":{"line":255,"column":11}},{"start":{"line":255,"column":11},"end":{"line":255,"column":11}}]},"11":{"line":290,"type":"if","locations":[{"start":{"line":290,"column":4},"end":{"line":290,"column":4}},{"start":{"line":290,"column":4},"end":{"line":290,"column":4}}]},"12":{"line":290,"type":"binary-expr","locations":[{"start":{"line":290,"column":8},"end":{"line":290,"column":11}},{"start":{"line":290,"column":15},"end":{"line":290,"column":51}}]},"13":{"line":403,"type":"if","locations":[{"start":{"line":403,"column":4},"end":{"line":403,"column":4}},{"start":{"line":403,"column":4},"end":{"line":403,"column":4}}]},"14":{"line":433,"type":"cond-expr","locations":[{"start":{"line":433,"column":36},"end":{"line":433,"column":38}},{"start":{"line":433,"column":41},"end":{"line":433,"column":50}}]},"15":{"line":458,"type":"if","locations":[{"start":{"line":458,"column":2},"end":{"line":458,"column":2}},{"start":{"line":458,"column":2},"end":{"line":458,"column":2}}]},"16":{"line":458,"type":"binary-expr","locations":[{"start":{"line":458,"column":7},"end":{"line":458,"column":25}},{"start":{"line":458,"column":29},"end":{"line":458,"column":49}},{"start":{"line":459,"column":7},"end":{"line":459,"column":26}},{"start":{"line":459,"column":30},"end":{"line":459,"column":48}}]},"17":{"line":460,"type":"if","locations":[{"start":{"line":460,"column":2},"end":{"line":460,"column":2}},{"start":{"line":460,"column":2},"end":{"line":460,"column":2}}]},"18":{"line":465,"type":"if","locations":[{"start":{"line":465,"column":2},"end":{"line":465,"column":2}},{"start":{"line":465,"column":2},"end":{"line":465,"column":2}}]},"19":{"line":467,"type":"if","locations":[{"start":{"line":467,"column":2},"end":{"line":467,"column":2}},{"start":{"line":467,"column":2},"end":{"line":467,"column":2}}]},"20":{"line":471,"type":"if","locations":[{"start":{"line":471,"column":2},"end":{"line":471,"column":2}},{"start":{"line":471,"column":2},"end":{"line":471,"column":2}}]},"21":{"line":473,"type":"if","locations":[{"start":{"line":473,"column":2},"end":{"line":473,"column":2}},{"start":{"line":473,"column":2},"end":{"line":473,"column":2}}]},"22":{"line":486,"type":"if","locations":[{"start":{"line":486,"column":4},"end":{"line":486,"column":4}},{"start":{"line":486,"column":4},"end":{"line":486,"column":4}}]},"23":{"line":489,"type":"if","locations":[{"start":{"line":489,"column":6},"end":{"line":489,"column":6}},{"start":{"line":489,"column":6},"end":{"line":489,"column":6}}]},"24":{"line":496,"type":"if","locations":[{"start":{"line":496,"column":4},"end":{"line":496,"column":4}},{"start":{"line":496,"column":4},"end":{"line":496,"column":4}}]},"25":{"line":510,"type":"if","locations":[{"start":{"line":510,"column":2},"end":{"line":510,"column":2}},{"start":{"line":510,"column":2},"end":{"line":510,"column":2}}]},"26":{"line":526,"type":"if","locations":[{"start":{"line":526,"column":4},"end":{"line":526,"column":4}},{"start":{"line":526,"column":4},"end":{"line":526,"column":4}}]},"27":{"line":539,"type":"if","locations":[{"start":{"line":539,"column":2},"end":{"line":539,"column":2}},{"start":{"line":539,"column":2},"end":{"line":539,"column":2}}]},"28":{"line":539,"type":"binary-expr","locations":[{"start":{"line":539,"column":6},"end":{"line":539,"column":21}},{"start":{"line":539,"column":25},"end":{"line":539,"column":35}},{"start":{"line":539,"column":39},"end":{"line":539,"column":57}}]},"29":{"line":545,"type":"if","locations":[{"start":{"line":545,"column":2},"end":{"line":545,"column":2}},{"start":{"line":545,"column":2},"end":{"line":545,"column":2}}]},"30":{"line":548,"type":"if","locations":[{"start":{"line":548,"column":4},"end":{"line":548,"column":4}},{"start":{"line":548,"column":4},"end":{"line":548,"column":4}}]},"31":{"line":549,"type":"if","locations":[{"start":{"line":549,"column":9},"end":{"line":549,"column":9}},{"start":{"line":549,"column":9},"end":{"line":549,"column":9}}]},"32":{"line":564,"type":"if","locations":[{"start":{"line":564,"column":4},"end":{"line":564,"column":4}},{"start":{"line":564,"column":4},"end":{"line":564,"column":4}}]},"33":{"line":565,"type":"if","locations":[{"start":{"line":565,"column":6},"end":{"line":565,"column":6}},{"start":{"line":565,"column":6},"end":{"line":565,"column":6}}]},"34":{"line":616,"type":"if","locations":[{"start":{"line":616,"column":2},"end":{"line":616,"column":2}},{"start":{"line":616,"column":2},"end":{"line":616,"column":2}}]},"35":{"line":617,"type":"if","locations":[{"start":{"line":617,"column":2},"end":{"line":617,"column":2}},{"start":{"line":617,"column":2},"end":{"line":617,"column":2}}]}},"code":["'use strict';","","var curryN = require('ramda/src/curryN');","","// Utility","function isFunction(obj) {","  return !!(obj && obj.constructor && obj.call && obj.apply);","}","function trueFn() { return true; }","","// Globals","var toUpdate = [];","var inStream;","var order = [];","var orderNextIdx = -1;","var flushing = false;","","/** @namespace */","var flyd = {}","","// /////////////////////////// API ///////////////////////////////// //","","/**"," * Creates a new stream"," *"," * __Signature__: `a -> Stream a`"," *"," * @name flyd.stream"," * @param {*} initialValue - (Optional) the initial value of the stream"," * @return {stream} the stream"," *"," * @example"," * var n = flyd.stream(1); // Stream with initial value `1`"," * var s = flyd.stream(); // Stream with no initial value"," */","flyd.stream = function(initialValue) {","  var endStream = createDependentStream([], trueFn);","  var s = createStream();","  s.end = endStream;","  s.fnArgs = [];","  endStream.lis
[...]
/node-npmtest-flyd/node_modules/flyd/perf/map-reduce.js","s":{"1":1,"2":1,"3":1,"4":1,"5":1,"6":20000000},"b":{},"f":{"1":20000001},"fnMap":{"1":{"name":"noop","line":6,"loc":{"start":{"line":6,"column":0},"end":{"line":6,"column":16}}}},"statementMap":{"1":{"start":{"line":1,"column":0},"end":{"line":1,"column":33}},"2":{"start":{"line":3,"column":0},"end":{"line":3,"column":23}},"3":{"start":{"line":4,"column":0},"end":{"line":4,"column":21}},"4":{"start":{"line":6,"column":0},"end":{"line":6,"column":19}},"5":{"start":{"line":8,"column":0},"end":{"line":10,"column":1}},"6":{"start":{"line":9,"column":2},"end":{"line":9,"column":7}}},"branchMap":{},"code":["var flyd = require('../flyd.js');","","var s = flyd.stream(0);","var s2 = s.map(noop);","","function noop() { };","","for (n = 0; n < 20000000; ++n) {","  s(n);","}",""],"l":{"1":1,"3":1,"4":1,"6":1,"8":1,"9":20000000}},"/home/travis/build/npmtest/node-npmtest-flyd/node_modules/flyd/perf/perf.js":{"path":"/home/travis/build/npmtest/node-npmtest-flyd/node_modules/flyd/perf/perf.js","s":{"1":2,"2":0,"3":0,"4":0,"5":1,"6":0,"7":0,"8":1,"9":0,"10":0,"11":0,"12":0,"13":0,"14":0,"15":0,"16":0,"17":0,"18":0,"19":0,"20":0,"21":0,"22":0,"23":0,"24":0,"25":0,"26":0,"27":0,"28":0,"29":0,"30":0,"31":0,"32":0,"33":0,"34":0,"35":0,"36":0,"37":0,"38":0,"39":0,"40":0,"41":0,"42":0,"43":1,"44":0,"45":0,"46":0,"47":0,"48":0,"49":0,"50":0,"51":1,"52":0,"53":0,"54":0,"55":0,"56":0,"57":0,"58":0,"59":0,"60":0,"61":0,"62":0,"63":0,"64":0,"65":0,"66":0,"67":0,"68":0,"69":0,"70":0,"71":0,"72":0,"73":0,"74":0,"75":0,"76":0,"77":0,"78":0,"79":0,"80":0,"81":0,"82":0,"83":0,"84":0,"85":0,"86":0,"87":0,"88":0,"89":0,"90":0,"91":0,"92":0,"93":0,"94":0,"95":0,"96":0,"97":0,"98":0,"99":0,"100":0,"101":0,"102":0},"b":{"1":[0,0],"2":[0,0],"3":[0,0],"4":[0,0]},"f":{"1":0,"2":0,"3":0,"4":0,"5":0,"6":0,"7":0,"8":0,"9":0,"10":0,"11":0,"12":0,"13":0,"14":0,"15":0,"16":0,"17":0,"18":0,"19":0,"20":0,"21":0,"22":0,"23":0,"24":0,"25":0,"26":0,"27":0,"28":0,"29":0,"30":0,"31":0,"32":0,"33":0,"34":0,"35":0},"fnMap":{"1":{"name":"getHz","line":15,"loc":{"start":{"line":15,"column":0},"end":{"line":15,"column":22}}},"2":{"name":"printFastest","line":20,"loc":{"start":{"line":20,"column":0},"end":{"line":20,"column":29}}},"3":{"name":"(anonymous_3)","line":39,"loc":{"start":{"line":39,"column":34},"end":{"line":39,"column":45}}},"4":{"name":"(anonymous_4)","line":43,"loc":{"start":{"line":43,"column":34},"end":{"line":43,"column":50}}},"5":{"name":"(anonymous_5)","line":47,"loc":{"start":{"line":47,"column":37},"end":{"line":47,"column":48}}},"6":{"name":"(anonymous_6)","line":59,"loc":{"start":{"line":59,"column":9},"end":{"line":59,"column":20}}},"7":{"name":"(anonymous_7)","line":61,"loc":{"start":{"line":61,"column":11},"end":{"line":61,"column":22}}},"8":{"name":"(anonymous_8)","line":65,"loc":{"start":{"line":65,"column":6},"end":{"line":65,"column":17}}},"9":{"name":"(anonymous_9)","line":69,"loc":{"start":{"line":69,"column":9},"end":{"line":69,"column":20}}},"10":{"name":"(anonymous_10)","line":71,"loc":{"start":{"line":71,"column":14},"end":{"line":71,"column":25}}},"11":{"name":"(anonymous_11)","line":75,"loc":{"start":{"line":75,"column":6},"end":{"line":75,"column":17}}},"12":{"name":"(anonymous_12)","line":81,"loc":{"start":{"line":81,"column":9},"end":{"line":81,"column":20}}},"13":{"name":"(anonymous_13)","line":83,"loc":{"start":{"line":83,"column":16},"end":{"line":83,"column":27}}},"14":{"name":"(anonymous_14)","line":87,"loc":{"start":{"line":87,"column":6},"end":{"line":87,"column":17}}},"15":{"name":"(anonymous_15)","line":91,"loc":{"start":{"line":91,"column":9},"end":{"line":91,"column":20}}},"16":{"name":"(anonymous_16)","line":93,"loc":{"start":{"line":93,"column":19},"end":{"line":93,"column":30}}},"17":{"name":"(anonymous_17)","line":97,"loc":{"start":{"line":97,"column":6},"end":{"line":97,"column":17}}},"18":{"name":"(anonymous_18)","line":103,"loc":{"start":{"line":103,"column":9},"end":{"line":103,"column":20}}},"19":{"name":"f","line":104,"loc":{"start":{"line":104,"column":4},"end":{"line":104,"column":18}}},"20":{"name":"(anonymous_20)","line":111,"loc":{"start":{"line":111,"column":6},"end":{"line":111,"column":17}}},"21":{"name":"(anonymous_21)","line":115,"loc":{"start":{"line":115,"column":9},"end":{"line":115,"column":20}}},"22":{"name":"f","line":116,"loc":{"start":{"line":116,"column":4},"end":{"line":116,"column":18}}},"23":{"name":"(anonymous_23)","line":123,"loc":{"start":{"line":123,"column":6},"end":{"line":123,"column":17}}},"24":{"name":"(anonymous_24)","line":129,"loc":{"start":{"line":129,"column":9},"end":{"line":129,"column":20}}},"25":{"name":"(anonymous_25)","line":131,"loc":{"start":{"line":131,"column":20},"end":{"line":131,"column":31}}},"26":{"name":"(anonymous_26)","line":134,"loc":{"start":{"line":134,"column":20},"end":{"line":134,"column":31}}},"27":{"name":"(anonymous_27)","line":137,"loc":{"start":{"line":137,"column":20},"end":{"line":137,"column":31}}},"28":{"name":"(anonymous_28)","line":140,"loc":{"start":{"line":140,"column":11},"end":{"line":140,"column":22}}},"29":{"name":"(anonymous_29)","line":144,"loc":{"start":{"line":144,"column":6},"end":{"line":144,"column":17}}},"30":{"name":"(anonymous_30)","line":148,"loc":{"start":{"line":148,"column":9},"end":{"line":148,"column":20}}},"31":{"name":"(anonymous_31)","line":150,"loc":{"start":{"line":150,"column":23},"end":{"line":150,"column":34}}},"32":{"name":"(anonymous_32)","line":153,"loc":{"start":{"line":153,"column":23},"end":{"line":153,"column":34}}},"33":{"name":"(anonymous_33)","line":156,"loc":{"start":{"line":156,"column":23},"end":{"line":156,"column":34}}},"34":{"name":"(anonymous_34)","line":159,"loc":{"start":{"line":159,"column":14},"end":{"line":159,"column":25}}},"35":{"name":"(anonymous_35)","line":163,"loc":{"start":{"line":163,"column":6},"end":{"line":163,"column":17}}}},"statementMap":{"1":{"start":{"line":1,"column":0},"end":{"line":1,"column":37}},"2":{"start":{"line":7,"column":0},"end":{"line":7,"column":45}},"3":{"start":{"line":8,"column":0},"end":{"line":8,"column":49}},"4":{"start":{"line":13,"column":0},"end":{"line":13,"column":16}},"5":{"start":{"line":15,"column":0},"end":{"line":18,"column":1}},"6":{"start":{"line":16,"column":2},"end":{"line":16,"column":56}},"7":{"start":{"line":17,"column":2},"end":{"line":17,"column":39}},"8":{"start":{"line":20,"column":0},"end":{"line":37,"column":1}},"9":{"start":{"line":21,"column":2},"end":{"line":27,"column":28}},"10":{"start":{"line":28,"column":2},"end":{"line":36,"column":3}},"11":{"start":{"line":29,"column":4},"end":{"line":29,"column":44}},"12":{"start":{"line":30,"column":4},"end":{"line":30,"column":26}},"13":{"start":{"line":32,"column":4},"end":{"line":32,"column":54}},"14":{"start":{"line":33,"column":4},"end":{"line":35,"column":21}},"15":{"start":{"line":39,"column":0},"end":{"line":41,"column":2}},"16":{"start":{"line":40,"column":2},"end":{"line":40,"column":38}},"17":{"start":{"line":43,"column":0},"end":{"line":45,"column":2}},"18":{"start":{"line":44,"column":2},"end":{"line":44,"column":35}},"19":{"start":{"line":47,"column":0},"end":{"line":53,"column":2}},"20":{"start":{"line":48,"column":2},"end":{"line":48,"column":21}},"21":{"start":{"line":49,"column":2},"end":{"line":49,"column":17}},"22":{"start":{"line":50,"column":2},"end":{"line":52,"column":3}},"23":{"start":{"line":51,"column":4},"end":{"line":51,"column":33}},"24":{"start":{"line":58,"column":0},"end":{"line":78,"column":4}},"25":{"start":{"line":60,"column":4},"end":{"line":60,"column":21}},"26":{"start":{"line":61,"column":4},"end":{"line":63,"column":7}},"27":{"start":{"line":62,"column":6},"end":{"line":62,"column":17}},"28":{"start":{"line":66,"column":4},"end":{"line":66,"column":10}},"29":{"start":{"line":70,"column":4},"end":{"line":70,"column":24}},"30":{"start":{"line":71,"column":4},"end":{"line":73,"column":7}},"31":{"start":{"line":72,"column":6},"end":{"line":72,"column":17}},"32":{"start":{"line":76,"column":4},"end":{"line":76,"column":10}},"33":{"start":{"line":80,"column":0},"end":{"line":100,"column":4}},"34":{"start":{"line":82,"column":4},"end":{"line":82,"column":21}},"35":{"start":{"line":83,"column":4},"end":{"line":85,"column":7}},"36":{"start":{"line":84,"column":6},"end":{"line":84,"column":17}},"37":{"start":{"line":88,"column":4},"end":{"line":88,"column":10}},"38":{"start":{"line":92,"column":4},"end":{"line":92,"column":24}},"39":{"start":{"line":93,"column":4},"end":{"line":95,"column":7}},"40":{"start":{"line":94,"column":6},"end":{"line":94,"column":17}},"41":{"start":{"line":98,"column":4},"end":{"line":98,"column":10}},"42":{"start":{"line":102,"column":0},"end":{"line":126,"column":4}},"43":{"start":{"line":104,"column":4},"end":{"line":104,"column":31}},"44":{"start":{"line":104,"column":20},"end":{"line":104,"column":29}},"45":{"start":{"line":105,"column":4},"end":{"line":105,"column":22}},"46":{"start":{"line":106,"column":4},"end":{"line":106,"column":23}},"47":{"start":{"line":107,"column":4},"end":{"line":107,"column":23}},"48":{"start":{"line":108,"column":4},"end":{"line":108,"column":23}},"49":{"start":{"line":109,"column":4},"end":{"line":109,"column":23}},"50":{"start":{"line":112,"column":4},"end":{"line":112,"column":11}},"51":{"start":{"line":116,"column":4},"end":{"line":116,"column":31}},"52":{"start":{"line":116,"column":20},"end":{"line":116,"column":29}},"53":{"start":{"line":117,"column":4},"end":{"line":117,"column":22}},"54":{"start":{"line":118,"column":4},"end":{"line":118,"column":23}},"55":{"start":{"line":119,"column":4},"end":{"line":119,"column":23}},"56":{"start":{"line":120,"column":4},"end":{"line":120,"column":23}},"57":{"start":{"line":121,"column":4},"end":{"line":121,"column":23}},"58":{"start":{"line":124,"column":4},"end":{"line":124,"column":11}},"59":{"start":{"line":128,"column":0},"end":{"line":166,"column":4}},"60":{"start":{"line":130,"column":4},"end":{"line":130,"column":22}},"61":{"start":{"line":131,"column":4},"end":{"line":133,"column":7}},"62":{"start":{"line":132,"column":6},"end":{"line":132,"column":11}},"63":{"start":{"line":132,"column":12},"end":{"line":132,"column":17}},"64":{"start":{"line":134,"column":4},"end":{"line":136,"column":7}},"65":{"start":{"line":135,"column":6},"end":{"line":135,"column":11}},"66":{"start":{"line":135,"column":12},"end":{"line":135,"column":17}},"67":{"start":{"line":135,"column":18},"end":{"line":135,"column":23}},"68":{"start":{"line":137,"column":4},"end":{"line":139,"column":7}},"69":{"start":{"line":138,"column":6},"end":{"line":138,"column":11}},"70":{"start":{"line":138,"column":12},"end":{"line":138,"column":17}},"71":{"start":{"line":138,"column":18},"end":{"line":138,"column":23}},"72":{"start":{"line":138,"column":24},"end":{"line":138,"column":29}},"73":{"start":{"line":138,"column":30},"end":{"line":138,"column":35}},"74":{"start":{"line":140,"column":4},"end":{"line":142,"column":7}},"75":{"start":{"line":141,"column":6},"end":{"line":141,"column":11}},"76":{"start":{"line":141,"column":12},"end":{"line":141,"column":17}},"77":{"start":{"line":141,"column":18},"end":{"line":141,"column":23}},"78":{"start":{"line":141,"column":24},"end":{"line":141,"column":29}},"79":{"start":{"line":141,"column":30},"end":{"line":141,"column":35}},"80":{"start":{"line":145,"column":4},"end":{"line":145,"column":11}},"81":{"start":{"line":149,"column":4},"end":{"line":149,"column":25}},"82":{"start":{"line":150,"column":4},"end":{"line":152,"column":7}},"83":{"start":{"line":151,"column":6},"end":{"line":151,"column":11}},"84":{"start":{"line":151,"column":12},"end":{"line":151,"column":17}},"85":{"start":{"line":153,"column":4},"end":{"line":155,"column":7}},"86":{"start":{"line":154,"column":6},"end":{"line":154,"column":11}},"87":{"start":{"line":154,"column":12},"end":{"line":154,"column":17}},"88":{"start":{"line":154,"column":18},"end":{"line":154,"column":23}},"89":{"start":{"line":156,"column":4},"end":{"line":158,"column":7}},"90":{"start":{"line":157,"column":6},"end":{"line":157,"column":11}},"91":{"start":{"line":157,"column":12},"end":{"line":157,"column":17}},"92":{"start":{"line":157,"column":18},"end":{"line":157,"column":23}},"93":{"start":{"line":157,"column":24},"end":{"line":157,"column":29}},"94":{"start":{"line":157,"column":30},"end":{"line":157,"column":35}},"95":{"start":{"line":159,"column":4},"end":{"line":161,"column":7}},"96":{"start":{"line":160,"column":6},"end":{"line":160,"column":11}},"97":{"start":{"line":160,"column":12},"end":{"line":160,"column":17}},"98":{"start":{"line":160,"column":18},"end":{"line":160,"column":23}},"99":{"start":{"line":160,"column":24},"end":{"line":160,"column":29}},"100":{"start":{"line":160,"column":30},"end":{"line":160,"column":35}},"101":{"start":{"line":164,"column":4},"end":{"line":164,"column":11}},"102":{"start":{"line":168,"column":0},"end":{"line":168,"column":33}}},"branchMap":{"1":{"line":17,"type":"cond-expr","locations":[{"start":{"line":17,"column":28},"end":{"line":17,"column":34}},{"start":{"line":17,"column":37},"end":{"line":17,"column":38}}]},"2":{"line":28,"type":"if","locations":[{"start":{"line":28,"column":2},"end":{"line":28,"column":2}},{"start":{"line":28,"column":2},"end":{"line":28,"column":2}}]},"3":{"line":34,"type":"cond-expr","locations":[{"start":{"line":34,"column":35},"end":{"line":34,"column":53}},{"start":{"line":34,"column":56},"end":{"line":34,"column":75}}]},"4":{"line":50,"type":"if","locations":[{"start":{"line":50,"column":2},"end":{"line":50,"column":2}},{"start":{"line":50,"column":2},"end":{"line":50,"column":2}}]}},"code":["var Benchmark = require('benchmark');","","","// Attach benchmarks' dependencies to the global","// scope, since the current version of benchmark.js","// doesn't allow for anything simpler","global.stream    = require('../flyd').stream;","global.oldStream = require('../flyd-old').stream;","","// ************************************************","// Util functions","","var suites = [];","","function getHz(bench) { // hz adjusted for margin of error","  var result = 1 / (bench.stats.mean + bench.stats.moe);","  return isFinite(result) ? result : 0;","}","","function printFastest(suite) {","  var formatNumber = Benchmark.formatNumber,","      fastest = suite.filter('fastest'),","      fastestHz = getHz(fastest[0]),","      slowest = suite.filter('slowest'),","      slowestHz = getHz(slowest[0]),","      aHz = getHz(suite[0]),","      bHz = getHz(suite[1]);","  if (fastest.length > 1) {","    console.log('It\\'s too close to call.');","    aHz = bHz = slowestHz;","  } else {","    var percent = ((fastestHz / slowestHz) - 1) * 100;","    console.log('  ' + fastest[0].name + ' is ' +","        formatNumber(percent < 1 ? percent.toFixed(2) : Math.round(percent)) +","        '% faster.');","  }","}","","Benchmark.Suite.options.onStart = function() {","  console.log('\\n' + this.name + ':');","};","","Benchmark.Suite.options.onCycle = function(event) {","  console.log('  ' + event.target);","};","","Benchmark.Suite.options.onComplete = function() {","  printFastest(this);","  suites.shift();","  if (suites.length) {","    suites[0].run({async: true});","  }","};","","// ************************************************","// Benchmarks!","","suites.push(Benchmark.Suite('dynamic dependencies').add('New', {","  setup: function() {","    var s = stream();","    stream(function() {","      return s();","    });","  },","  fn: function() {","    s(12);","  },","}).add('Old', {","  setup: function() {","    var s = oldStream();","    oldStream(function() {","      return s();","    });","  },","  fn: function() {","    s(12);","  },","}));","","suites.push(Benchmark.Suite('static dependencies').add('New', {","  setup: function() {","    var s = stream();","    stream([s], function() {","      return s();","    });","  },","  fn: function() {","    s(12);","  },","}).add('Old', {","  setup: function() {","    var s = oldStream();","    oldStream([s], function() {","      return s();","    });","  },","  fn: function() {","    s(12);","  },","}));","","suites.push(Benchmark.Suite('map').add('First', {","  setup: function() {","    function f(x) { return x; }","    var s1 = stream();","    var s2 = s1.map(f);","    var s3 = s2.map(f);","    var s4 = s3.map(f);","    var s5 = s4.map(f);","  },","  fn: function() {","    s1(12);","  },","}).add('Second', {","  setup: function() {","    function f(x) { return x; }","    var s1 = stream();","    var s2 = s1.map(f);","    var s3 = s2.map(f);","    var s4 = s3.map(f);","    var s5 = s4.map(f);","  },","  fn: function() {","    s1(12);","  },","}));","","suites.push(Benchmark.Suite('dynamic dependency graph').add('New', {","  setup: function() {","    var s1 = stream();","    var s2 = stream(function() {","      s1(); s1();","    });","    var s3 = stream(function() {","      s1(); s2(); s1();","    });","    var s4 = stream(function() {","      s1(); s2(); s3(); s1(); s3();","    });","    stream(function() {","      s3(); s2(); s1(); s3(); s4();","    });","  },","  fn: function() {","    s1(12);","  },","}).add('Old', {","  setup: function() {","    var s1 = oldStream();","    var s2 = oldStream(function() {","      s1(); s1();","    });","    var s3 = oldStream(function() {","      s1(); s2(); s1();","    });","    var s4 = oldStream(function() {","      s1(); s2(); s3(); s1(); s3();","    });","    oldStream(function() {","      s3(); s2(); s1(); s3(); s4();","    });","  },","  fn: function() {","    s1(12);","  },","}));","","suites[0].run({ 'async': true });",""],"l":{"1":2,"7":0,"8":0,"13":0,"15":1,"16":0,"17":0,"20":1,"21":0,"28":0,"29":0,"30":0,"32":0,"33":0,"39":0,"40":0,"43":0,"44":0,"47":0,"48":0,"49":0,"50":0,"51":0,"58":0,"60":0,"61":0,"62":0,"66":0,"70":0,"71":0,"72":0,"76":0,"80":0,"82":0,"83":0,"84":0,"88":0,"92":0,"93":0,"94":0,"98":0,"102":0,"104":1,"105":0,"106":0,"107":0,"108":0,"109":0,"112":0,"116":1,"117":0,"118":0,"119":0,"120":0,"121":0,"124":0,"128":0,"130":0,"131":0,"132":0,"134":0,"135":0,"137":0,"138":0,"140":0,"141":0,"145":0,"149":0,"150":0,"151":0,"153":0,"154":0,"156":0,"157":0,"159":0,"160":0,"164":0,"168":0}},"/home/travis/build/npmtest/node-npmtest-flyd/node_modules/flyd/module/aftersilence/index.js":{"path":"/home/travis/build/npmtest/node-npmtest-flyd/node_modules/flyd/module/aftersilence/index.js","s":{"1":1,"2":1,"3":0,"4":0,"5":0,"6":0,"7":0,"8":0,"9":0,"10":0},"b":{},"f":{"1":0,"2":0,"3":0},"fnMap":{"1":{"name":"(anonymous_1)","line":3,"loc":{"start":{"line":3,"column":32},"end":{"line":3,"column":49}}},"2":{"name":"(anonymous_2)","line":6,"loc":{"start":{"line":6,"column":22},"end":{"line":6,"column":40}}},"3":{"name":"(anonymous_3)","line":9,"loc":{"start":{"line":9,"column":27},"end":{"line":9,"column":38}}}},"statementMap":{"1":{"start":{"line":1,"column":0},"end":{"line":1,"column":32}},"2":{"start":{"line":3,"column":0},"end":{"line":14,"column":3}},"3":{"start":{"line":4,"column":2},"end":{"line":4,"column":16}},"4":{"start":{"line":5,"column":2},"end":{"line":5,"column":18}},"5":{"start":{"line":6,"column":2},"end":{"line":13,"column":10}},"6":{"start":{"line":7,"column":4},"end":{"line":7,"column":21}},"7":{"start":{"line":8,"column":4},"end":{"line":8,"column":28}},"8":{"start":{"line":9,"column":4},"end":{"line":12,"column":12}},"9":{"start":{"line":10,"column":6},"end":{"line":10,"column":19}},"10":{"start":{"line":11,"column":6},"end":{"line":11,"column":18}}},"branchMap":{},"code":["var flyd = require('../../lib');","","module.exports = flyd.curryN(2, function(dur, s) {","  var scheduled;","  var buffer = [];","  return flyd.combine(function(s, self) {","    buffer.push(s());","    clearTimeout(scheduled);","    scheduled = setTimeout(function() {","      self(buffer);","      buffer = [];","    }, dur);","  }, [s]);","});",""],"l":{"1":1,"3":1,"4":0,"5":0,"6":0,"7":0,"8":0,"9":0,"10":0,"11":0}}}